Using pre-set license
Built from '2020.3/staging' branch; Version is '2020.3.22f1 (e1a7f79fd887) revision 14788599'; Using compiler version '192528614'; Build Type 'Release'
OS: 'Windows 10 Home Single Language; OS build 19045.3803; Version 2009; 64bit' Language: 'en' Physical Memory: 16221 MB
BatchMode: 1, IsHumanControllingUs: 0, StartBugReporterOnCrash: 0, Is64bit: 1, IsPro: 0

COMMAND LINE ARGUMENTS:
C:\Program Files\Unity\Hub\Editor\2020.3.22f1\Editor\Unity.exe
-adb2
-batchMode
-noUpm
-name
AssetImportWorker0
-projectPath
D:/Unity/Unity_Projects/Snake_Game
-logFile
Logs/AssetImportWorker0.log
-srvPort
64845
Successfully changed project path to: D:/Unity/Unity_Projects/Snake_Game
D:/Unity/Unity_Projects/Snake_Game
Using Asset Import Pipeline V2.
Refreshing native plugins compatible for Editor in 44.62 ms, found 3 plugins.
Preloading 0 native plugins for Editor in 0.00 ms.
Initialize engine version: 2020.3.22f1 (e1a7f79fd887)
[Subsystems] Discovering subsystems at path C:/Program Files/Unity/Hub/Editor/2020.3.22f1/Editor/Data/Resources/UnitySubsystems
[Subsystems] Discovering subsystems at path D:/Unity/Unity_Projects/Snake_Game/Assets
GfxDevice: creating device client; threaded=0
Direct3D:
    Version:  Direct3D 11.0 [level 11.1]
    Renderer: NVIDIA GeForce GTX 1650 (ID=0x1f91)
    Vendor:   
    VRAM:     3950 MB
    Driver:   31.0.15.4633
Initialize mono
Mono path[0] = 'C:/Program Files/Unity/Hub/Editor/2020.3.22f1/Editor/Data/Managed'
Mono path[1] = 'C:/Program Files/Unity/Hub/Editor/2020.3.22f1/Editor/Data/MonoBleedingEdge/lib/mono/unityjit'
Mono config path = 'C:/Program Files/Unity/Hub/Editor/2020.3.22f1/Editor/Data/MonoBleedingEdge/etc'
Using monoOptions --debugger-agent=transport=dt_socket,embedding=1,server=y,suspend=n,address=127.0.0.1:56892
Begin MonoManager ReloadAssembly
Registering precompiled unity dll's ...
Register platform support module: C:/Program Files/Unity/Hub/Editor/2020.3.22f1/Editor/Data/PlaybackEngines/WebGLSupport/UnityEditor.WebGL.Extensions.dll
Register platform support module: C:/Program Files/Unity/Hub/Editor/2020.3.22f1/Editor/Data/PlaybackEngines/WindowsStandaloneSupport/UnityEditor.WindowsStandalone.Extensions.dll
Registered in 0.002311 seconds.
Native extension for WindowsStandalone target not found
Native extension for WebGL target not found
Refreshing native plugins compatible for Editor in 42.80 ms, found 3 plugins.
Preloading 0 native plugins for Editor in 0.00 ms.
Mono: successfully reloaded assembly
- Completed reload, in  2.052 seconds
Domain Reload Profiling:
	ReloadAssembly (2052ms)
		BeginReloadAssembly (52ms)
			ExecutionOrderSort (0ms)
			DisableScriptedObjects (0ms)
			BackupInstance (0ms)
			ReleaseScriptingObjects (0ms)
			CreateAndSetChildDomain (1ms)
		EndReloadAssembly (425ms)
			LoadAssemblies (51ms)
			RebuildTransferFunctionScriptingTraits (0ms)
			SetupTypeCache (143ms)
			ReleaseScriptCaches (0ms)
			RebuildScriptCaches (30ms)
			SetupLoadedEditorAssemblies (159ms)
				LogAssemblyErrors (0ms)
				InitializePlatformSupportModulesInManaged (4ms)
				SetLoadedEditorAssemblies (0ms)
				RefreshPlugins (43ms)
				BeforeProcessingInitializeOnLoad (12ms)
				ProcessInitializeOnLoadAttributes (75ms)
				ProcessInitializeOnLoadMethodAttributes (25ms)
				AfterProcessingInitializeOnLoad (0ms)
				EditorAssembliesLoaded (0ms)
			ExecutionOrderSort2 (0ms)
			AwakeInstancesAfterBackupRestoration (0ms)
Platform modules already initialized, skipping
Registering precompiled user dll's ...
Registered in 0.004717 seconds.
Begin MonoManager ReloadAssembly
Native extension for WindowsStandalone target not found
Native extension for WebGL target not found
Refreshing native plugins compatible for Editor in 42.83 ms, found 3 plugins.
Preloading 0 native plugins for Editor in 0.00 ms.
Mono: successfully reloaded assembly
- Completed reload, in  1.069 seconds
Domain Reload Profiling:
	ReloadAssembly (1070ms)
		BeginReloadAssembly (137ms)
			ExecutionOrderSort (0ms)
			DisableScriptedObjects (4ms)
			BackupInstance (0ms)
			ReleaseScriptingObjects (0ms)
			CreateAndSetChildDomain (17ms)
		EndReloadAssembly (873ms)
			LoadAssemblies (93ms)
			RebuildTransferFunctionScriptingTraits (0ms)
			SetupTypeCache (290ms)
			ReleaseScriptCaches (0ms)
			RebuildScriptCaches (45ms)
			SetupLoadedEditorAssemblies (327ms)
				LogAssemblyErrors (0ms)
				InitializePlatformSupportModulesInManaged (4ms)
				SetLoadedEditorAssemblies (0ms)
				RefreshPlugins (43ms)
				BeforeProcessingInitializeOnLoad (71ms)
				ProcessInitializeOnLoadAttributes (187ms)
				ProcessInitializeOnLoadMethodAttributes (15ms)
				AfterProcessingInitializeOnLoad (6ms)
				EditorAssembliesLoaded (0ms)
			ExecutionOrderSort2 (0ms)
			AwakeInstancesAfterBackupRestoration (6ms)
Platform modules already initialized, skipping
========================================================================
Worker process is ready to serve import requests
Launched and connected shader compiler UnityShaderCompiler.exe after 0.04 seconds
Refreshing native plugins compatible for Editor in 0.88 ms, found 3 plugins.
Preloading 0 native plugins for Editor in 0.00 ms.
Unloading 2191 Unused Serialized files (Serialized files now loaded: 0)
System memory in use before: 95.7 MB.
System memory in use after: 95.8 MB.

Unloading 28 unused Assets to reduce memory usage. Loaded Objects now: 2625.
Total: 5.507700 ms (FindLiveObjects: 0.315200 ms CreateObjectMapping: 0.166000 ms MarkObjects: 4.931300 ms  DeleteObjects: 0.093500 ms)

AssetImportParameters requested are different than current active one (requested -> active):
  custom:framework-win-MediaFoundation: 216162199b28c13a410421893ffa2e32 -> 
  custom:video-decoder-ogg-theora: a1e56fd34408186e4bbccfd4996cb3dc -> 
  custom:container-muxer-webm: aa71ff27fc2769a1b78a27578f13a17b -> 
  custom:container-demuxer-webm: 4f35f7cbe854078d1ac9338744f61a02 -> 
  custom:container-demuxer-ogg: 62fdf1f143b41e24485cea50d1cbac27 -> 
  custom:video-encoder-webm-vp8: eb34c28f22e8b96e1ab97ce403110664 -> 
  custom:video-decoder-webm-vp8: 9c59270c3fd7afecdb556c50c9e8de78 -> 
  custom:audio-decoder-ogg-vorbis: bf7c407c2cedff20999df2af8eb42d56 -> 
  custom:audio-encoder-webm-vorbis: bf7c407c2cedff20999df2af8eb42d56 -> 
========================================================================
Received Import Request.
  path: Assets/Important_Scene/Assets/Box.fbx
  artifactKey: Guid(0bf15c92b878949fb9d7268e65b496b6) Importer(815301076,1909f56bfc062723c751e8b465ee728b)
Start importing Assets/Important_Scene/Assets/Box.fbx using Guid(0bf15c92b878949fb9d7268e65b496b6) Importer(815301076,1909f56bfc062723c751e8b465ee728b)  -> (artifact id: '99cf63aee626a5bf0adc35d705625276') in 0.213983 seconds 
  Import took 0.217481 seconds .

========================================================================
Received Import Request.
  Time since last request: 0.000392 seconds.
  path: Assets/Important_Scene/Assets/Food.png
  artifactKey: Guid(08d7d2578ab259d408344b41d7d40fb6) Importer(815301076,1909f56bfc062723c751e8b465ee728b)
Start importing Assets/Important_Scene/Assets/Food.png using Guid(08d7d2578ab259d408344b41d7d40fb6) Importer(815301076,1909f56bfc062723c751e8b465ee728b)  -> (artifact id: 'caa61bb16c2ff6c1bdafa9085ccc1a9b') in 0.039594 seconds 
  Import took 0.042757 seconds .

========================================================================
Received Import Request.
  Time since last request: 0.000355 seconds.
  path: Assets/Important_Scene/Assets/Snake.fbx
  artifactKey: Guid(9a70f4d7ee800421ab3cc8d04c613a02) Importer(815301076,1909f56bfc062723c751e8b465ee728b)
Start importing Assets/Important_Scene/Assets/Snake.fbx using Guid(9a70f4d7ee800421ab3cc8d04c613a02) Importer(815301076,1909f56bfc062723c751e8b465ee728b)  -> (artifact id: '35ab5c96b544c5f5cc2a395e10bd0067') in 0.060013 seconds 
  Import took 0.063430 seconds .

========================================================================
Received Import Request.
  Time since last request: 0.000356 seconds.
  path: Assets/Important_Scene/Assets/brown.png
  artifactKey: Guid(e94a2f5d91d01f6479c02c480e6c6a35) Importer(815301076,1909f56bfc062723c751e8b465ee728b)
Start importing Assets/Important_Scene/Assets/brown.png using Guid(e94a2f5d91d01f6479c02c480e6c6a35) Importer(815301076,1909f56bfc062723c751e8b465ee728b)  -> (artifact id: 'ac417bd72983c0beffcafa9158e17c53') in 0.953395 seconds 
  Import took 0.958005 seconds .

========================================================================
Received Import Request.
  Time since last request: 0.000343 seconds.
  path: Assets/Important_Scene/Assets/Materials/lambert2.mat
  artifactKey: Guid(cedf71247e2b0ab498b437b2f2d6020c) Importer(815301076,1909f56bfc062723c751e8b465ee728b)
Start importing Assets/Important_Scene/Assets/Materials/lambert2.mat using Guid(cedf71247e2b0ab498b437b2f2d6020c) Importer(815301076,1909f56bfc062723c751e8b465ee728b)  -> (artifact id: '9f7cc4ecab8ed98bef76fbc346fa6590') in 0.035730 seconds 
  Import took 0.038727 seconds .

========================================================================
Received Import Request.
  Time since last request: 0.000388 seconds.
  path: Assets/Important_Scene/Assets/controlRing.png
  artifactKey: Guid(42a5535e1e38c45cca76e430f5602485) Importer(815301076,1909f56bfc062723c751e8b465ee728b)
Start importing Assets/Important_Scene/Assets/controlRing.png using Guid(42a5535e1e38c45cca76e430f5602485) Importer(815301076,1909f56bfc062723c751e8b465ee728b)  -> (artifact id: 'c3474c32d4131ebc4301dd29e8506cfe') in 0.020952 seconds 
  Import took 0.024018 seconds .

========================================================================
Received Import Request.
  Time since last request: 0.000346 seconds.
  path: Assets/Important_Scene/2G Game UI
  artifactKey: Guid(594719fef755969479e92ec0ab2965c1) Importer(815301076,1909f56bfc062723c751e8b465ee728b)
Start importing Assets/Important_Scene/2G Game UI using Guid(594719fef755969479e92ec0ab2965c1) Importer(815301076,1909f56bfc062723c751e8b465ee728b)  -> (artifact id: 'd56b8a49bbd48dfe4a49c936e3245dbf') in 0.007316 seconds 
  Import took 0.010344 seconds .

========================================================================
Received Import Request.
  Time since last request: 0.000343 seconds.
  path: Assets/Important_Scene/Assets/slider.png
  artifactKey: Guid(88a24313df4f9454590b1f48c150dca8) Importer(815301076,1909f56bfc062723c751e8b465ee728b)
Start importing Assets/Important_Scene/Assets/slider.png using Guid(88a24313df4f9454590b1f48c150dca8) Importer(815301076,1909f56bfc062723c751e8b465ee728b)  -> (artifact id: 'a194b58bff65c82705c18481d7d633aa') in 0.022017 seconds 
  Import took 0.024813 seconds .

========================================================================
Received Import Request.
  Time since last request: 0.000343 seconds.
  path: Assets/Important_Scene/Assets/Materials/Inland_Taipan_new_0003_body.mat
  artifactKey: Guid(6feeb087021323f44bfd01a66ed475ce) Importer(815301076,1909f56bfc062723c751e8b465ee728b)
Start importing Assets/Important_Scene/Assets/Materials/Inland_Taipan_new_0003_body.mat using Guid(6feeb087021323f44bfd01a66ed475ce) Importer(815301076,1909f56bfc062723c751e8b465ee728b)  -> (artifact id: '666b031f457d1dbc8200820920d077c5') in 0.012764 seconds 
  Import took 0.015676 seconds .

========================================================================
Received Import Request.
  Time since last request: 0.000320 seconds.
  path: Assets/Important_Scene/Assets/Materials
  artifactKey: Guid(8a118dd3ead4b1d41a6159d6517d4fea) Importer(815301076,1909f56bfc062723c751e8b465ee728b)
Start importing Assets/Important_Scene/Assets/Materials using Guid(8a118dd3ead4b1d41a6159d6517d4fea) Importer(815301076,1909f56bfc062723c751e8b465ee728b)  -> (artifact id: 'ab334f270b6080b502232c2afe0c0cb4') in 0.007168 seconds 
  Import took 0.010061 seconds .

========================================================================
Received Import Request.
  Time since last request: 0.000347 seconds.
  path: Assets/Important_Scene/Assets/Materials/blinn2SG_Base_Color.mat
  artifactKey: Guid(0956b02581dcd074d99140b9a4b408fd) Importer(815301076,1909f56bfc062723c751e8b465ee728b)
Start importing Assets/Important_Scene/Assets/Materials/blinn2SG_Base_Color.mat using Guid(0956b02581dcd074d99140b9a4b408fd) Importer(815301076,1909f56bfc062723c751e8b465ee728b)  -> (artifact id: '8b14de0a9a226806a1605ece4b616157') in 0.012718 seconds 
  Import took 0.015651 seconds .

========================================================================
Received Import Request.
  Time since last request: 0.000370 seconds.
  path: Assets/Important_Scene/Assets/Materials/lambert3.mat
  artifactKey: Guid(d2884f2c600d84049bc3598f97722a9d) Importer(815301076,1909f56bfc062723c751e8b465ee728b)
Start importing Assets/Important_Scene/Assets/Materials/lambert3.mat using Guid(d2884f2c600d84049bc3598f97722a9d) Importer(815301076,1909f56bfc062723c751e8b465ee728b)  -> (artifact id: 'd72467550c39849baf071045d297c798') in 0.013285 seconds 
  Import took 0.016428 seconds .

========================================================================
Received Import Request.
  Time since last request: 0.000353 seconds.
  path: Assets/Important_Scene/Assets/Materials/Inland_Taipan_new_0003_eyes.mat
  artifactKey: Guid(5612e808311a1c943be7faea1cb05238) Importer(815301076,1909f56bfc062723c751e8b465ee728b)
Start importing Assets/Important_Scene/Assets/Materials/Inland_Taipan_new_0003_eyes.mat using Guid(5612e808311a1c943be7faea1cb05238) Importer(815301076,1909f56bfc062723c751e8b465ee728b)  -> (artifact id: 'f7ab5fc34d9d8b419037f8e59860ede8') in 0.013452 seconds 
  Import took 0.016300 seconds .

========================================================================
Received Import Request.
  Time since last request: 0.000373 seconds.
  path: Assets/Important_Scene/Assets/Materials/Inland_Taipan_new_0003_mouth_indside.mat
  artifactKey: Guid(55a2fe7f3274cae41b2258b040f7ec00) Importer(815301076,1909f56bfc062723c751e8b465ee728b)
Start importing Assets/Important_Scene/Assets/Materials/Inland_Taipan_new_0003_mouth_indside.mat using Guid(55a2fe7f3274cae41b2258b040f7ec00) Importer(815301076,1909f56bfc062723c751e8b465ee728b)  -> (artifact id: 'a4539e77ff374a9b2ffe9bbd63b19b80') in 0.012737 seconds 
  Import took 0.015848 seconds .

========================================================================
Received Import Request.
  Time since last request: 1.619761 seconds.
  path: Assets/Important_Scene/Grid/Pallets/Ground Tiles.prefab
  artifactKey: Guid(1f0e469e1ce5fdd439bd1eda833c6271) Importer(815301076,1909f56bfc062723c751e8b465ee728b)
Start importing Assets/Important_Scene/Grid/Pallets/Ground Tiles.prefab using Guid(1f0e469e1ce5fdd439bd1eda833c6271) Importer(815301076,1909f56bfc062723c751e8b465ee728b)  -> (artifact id: '6597ace864b972096964c1d20886edb7') in 0.131758 seconds 
  Import took 0.138524 seconds .

========================================================================
Received Import Request.
  Time since last request: 0.939783 seconds.
  path: Assets/Important_Scene/Grid/Tiles/brown_0.asset
  artifactKey: Guid(a35551e7890a5044298cfdb3c74e5cd1) Importer(815301076,1909f56bfc062723c751e8b465ee728b)
Start importing Assets/Important_Scene/Grid/Tiles/brown_0.asset using Guid(a35551e7890a5044298cfdb3c74e5cd1) Importer(815301076,1909f56bfc062723c751e8b465ee728b)  -> (artifact id: 'ffa82b4c822ed43eeaffc4593576a630') in 0.018823 seconds 
  Import took 0.022493 seconds .

========================================================================
Received Import Request.
  Time since last request: 0.000376 seconds.
  path: Assets/Important_Scene/Grid/Tiles/brown_40.asset
  artifactKey: Guid(4994ebf7f814f9340b77a5241489e0f7) Importer(815301076,1909f56bfc062723c751e8b465ee728b)
Start importing Assets/Important_Scene/Grid/Tiles/brown_40.asset using Guid(4994ebf7f814f9340b77a5241489e0f7) Importer(815301076,1909f56bfc062723c751e8b465ee728b)  -> (artifact id: 'f6f728d7dd2fad085ddde613194e13bb') in 0.013968 seconds 
  Import took 0.017055 seconds .

========================================================================
Received Import Request.
  Time since last request: 0.000397 seconds.
  path: Assets/Important_Scene/Grid/Tiles/brown_16.asset
  artifactKey: Guid(d38fdcbc072e4f641801d2091015a92d) Importer(815301076,1909f56bfc062723c751e8b465ee728b)
Start importing Assets/Important_Scene/Grid/Tiles/brown_16.asset using Guid(d38fdcbc072e4f641801d2091015a92d) Importer(815301076,1909f56bfc062723c751e8b465ee728b)  -> (artifact id: 'a52c1d1bfea6d820c46a1608f41712bb') in 0.013173 seconds 
  Import took 0.016145 seconds .

========================================================================
Received Import Request.
  Time since last request: 0.000371 seconds.
  path: Assets/Important_Scene/Grid/Tiles/brown_42.asset
  artifactKey: Guid(dbe9d5ed54d56c243885fb3c39bf7323) Importer(815301076,1909f56bfc062723c751e8b465ee728b)
Start importing Assets/Important_Scene/Grid/Tiles/brown_42.asset using Guid(dbe9d5ed54d56c243885fb3c39bf7323) Importer(815301076,1909f56bfc062723c751e8b465ee728b)  -> (artifact id: 'b9d2123a3e6985c986f4cd9de0c62c99') in 0.013701 seconds 
  Import took 0.016804 seconds .

========================================================================
Received Import Request.
  Time since last request: 0.000368 seconds.
  path: Assets/Important_Scene/Grid/Tiles/brown_2.asset
  artifactKey: Guid(02c5bfe09a2507e40aac5eacc852d3d7) Importer(815301076,1909f56bfc062723c751e8b465ee728b)
Start importing Assets/Important_Scene/Grid/Tiles/brown_2.asset using Guid(02c5bfe09a2507e40aac5eacc852d3d7) Importer(815301076,1909f56bfc062723c751e8b465ee728b)  -> (artifact id: 'f2c5c97d5cce1cf1f87ea2d30c7448a3') in 0.013206 seconds 
  Import took 0.016289 seconds .

========================================================================
Received Import Request.
  Time since last request: 0.000345 seconds.
  path: Assets/Important_Scene/Grid/Tiles/brown_28.asset
  artifactKey: Guid(7ebcbd72046ad864f98417f4bc45def6) Importer(815301076,1909f56bfc062723c751e8b465ee728b)
Start importing Assets/Important_Scene/Grid/Tiles/brown_28.asset using Guid(7ebcbd72046ad864f98417f4bc45def6) Importer(815301076,1909f56bfc062723c751e8b465ee728b)  -> (artifact id: '3e6ef31abedd5913651be22c0b6514ae') in 0.013631 seconds 
  Import took 0.016748 seconds .

========================================================================
Received Import Request.
  Time since last request: 0.000326 seconds.
  path: Assets/Important_Scene/Grid/Tiles/brown_22.asset
  artifactKey: Guid(a116658dff13370459a0975232b51a2f) Importer(815301076,1909f56bfc062723c751e8b465ee728b)
Start importing Assets/Important_Scene/Grid/Tiles/brown_22.asset using Guid(a116658dff13370459a0975232b51a2f) Importer(815301076,1909f56bfc062723c751e8b465ee728b)  -> (artifact id: '276f938578d200382e7d49ed94340a7d') in 0.016307 seconds 
  Import took 0.019326 seconds .

========================================================================
Received Import Request.
  Time since last request: 0.000359 seconds.
  path: Assets/Important_Scene/Grid/Tiles/brown_19.asset
  artifactKey: Guid(da9e42532efb51d439b407738a55bc56) Importer(815301076,1909f56bfc062723c751e8b465ee728b)
Start importing Assets/Important_Scene/Grid/Tiles/brown_19.asset using Guid(da9e42532efb51d439b407738a55bc56) Importer(815301076,1909f56bfc062723c751e8b465ee728b)  -> (artifact id: 'e60fece0e58e68dc0316b95c7339905e') in 0.012597 seconds 
  Import took 0.015776 seconds .

========================================================================
Received Import Request.
  Time since last request: 0.000377 seconds.
  path: Assets/Important_Scene/Grid/Tiles/brown_9.asset
  artifactKey: Guid(1010ed68f0cd33e4a9b03b912de010d8) Importer(815301076,1909f56bfc062723c751e8b465ee728b)
Start importing Assets/Important_Scene/Grid/Tiles/brown_9.asset using Guid(1010ed68f0cd33e4a9b03b912de010d8) Importer(815301076,1909f56bfc062723c751e8b465ee728b)  -> (artifact id: 'c0a15e74dc76a55cbb9f2307bbe53747') in 0.012452 seconds 
  Import took 0.015558 seconds .

========================================================================
Received Import Request.
  Time since last request: 0.000384 seconds.
  path: Assets/Important_Scene/Grid/Tiles/brown_39.asset
  artifactKey: Guid(610d0e2ec4eeb484898a83964936a568) Importer(815301076,1909f56bfc062723c751e8b465ee728b)
Start importing Assets/Important_Scene/Grid/Tiles/brown_39.asset using Guid(610d0e2ec4eeb484898a83964936a568) Importer(815301076,1909f56bfc062723c751e8b465ee728b)  -> (artifact id: '8d793ce76c57407dd691e073307fb607') in 0.013230 seconds 
  Import took 0.017081 seconds .

========================================================================
Received Import Request.
  Time since last request: 0.000357 seconds.
  path: Assets/Important_Scene/Grid/Tiles/brown_15.asset
  artifactKey: Guid(79ccd81227596544caaf8f923dbea3a3) Importer(815301076,1909f56bfc062723c751e8b465ee728b)
Start importing Assets/Important_Scene/Grid/Tiles/brown_15.asset using Guid(79ccd81227596544caaf8f923dbea3a3) Importer(815301076,1909f56bfc062723c751e8b465ee728b)  -> (artifact id: 'fb6351ddb091ae67e5fc2a5ea2aa712b') in 0.012784 seconds 
  Import took 0.015847 seconds .

========================================================================
Received Import Request.
  Time since last request: 0.000383 seconds.
  path: Assets/Important_Scene/Grid/Tiles/brown_8.asset
  artifactKey: Guid(9e3fbfee830e38c4bb7984f51f42d1d3) Importer(815301076,1909f56bfc062723c751e8b465ee728b)
Start importing Assets/Important_Scene/Grid/Tiles/brown_8.asset using Guid(9e3fbfee830e38c4bb7984f51f42d1d3) Importer(815301076,1909f56bfc062723c751e8b465ee728b)  -> (artifact id: '8531a6bac6e44b4074de2a80969a5320') in 0.014498 seconds 
  Import took 0.017487 seconds .

========================================================================
Received Import Request.
  Time since last request: 0.000354 seconds.
  path: Assets/Important_Scene/Grid/Tiles/brown_41.asset
  artifactKey: Guid(17ab7ca71d6d7764ba91b6626b38d73c) Importer(815301076,1909f56bfc062723c751e8b465ee728b)
Start importing Assets/Important_Scene/Grid/Tiles/brown_41.asset using Guid(17ab7ca71d6d7764ba91b6626b38d73c) Importer(815301076,1909f56bfc062723c751e8b465ee728b)  -> (artifact id: '025a57c4c278d46ce7e2cb5da2fb1175') in 0.013626 seconds 
  Import took 0.016841 seconds .

========================================================================
Received Import Request.
  Time since last request: 0.000371 seconds.
  path: Assets/Important_Scene/Grid/Tiles/brown_13.asset
  artifactKey: Guid(46d29c557fae6c94f8faa6a10e318f65) Importer(815301076,1909f56bfc062723c751e8b465ee728b)
Start importing Assets/Important_Scene/Grid/Tiles/brown_13.asset using Guid(46d29c557fae6c94f8faa6a10e318f65) Importer(815301076,1909f56bfc062723c751e8b465ee728b)  -> (artifact id: '6eb7a4bac1891106c289865c0d17aca5') in 0.016580 seconds 
  Import took 0.019643 seconds .

========================================================================
Received Import Request.
  Time since last request: 0.000325 seconds.
  path: Assets/Important_Scene/Grid/Tiles/brown_36.asset
  artifactKey: Guid(de50f567c8bec604fbde868b57b7a728) Importer(815301076,1909f56bfc062723c751e8b465ee728b)
Start importing Assets/Important_Scene/Grid/Tiles/brown_36.asset using Guid(de50f567c8bec604fbde868b57b7a728) Importer(815301076,1909f56bfc062723c751e8b465ee728b)  -> (artifact id: 'b4e0034f4bf2c1b9738d1c3f2cea38cd') in 0.014844 seconds 
  Import took 0.018216 seconds .

========================================================================
Received Import Request.
  Time since last request: 0.000369 seconds.
  path: Assets/Important_Scene/Grid/Tiles/brown_17.asset
  artifactKey: Guid(3ee2c6d52c4f54a458a0ee465e3f1279) Importer(815301076,1909f56bfc062723c751e8b465ee728b)
Start importing Assets/Important_Scene/Grid/Tiles/brown_17.asset using Guid(3ee2c6d52c4f54a458a0ee465e3f1279) Importer(815301076,1909f56bfc062723c751e8b465ee728b)  -> (artifact id: 'd5c417850e86730f250564be76b68584') in 0.014274 seconds 
  Import took 0.017409 seconds .

========================================================================
Received Import Request.
  Time since last request: 0.000376 seconds.
  path: Assets/Important_Scene/Grid/Tiles/brown_6.asset
  artifactKey: Guid(e034b1b299809014b94ca97bca72f6c2) Importer(815301076,1909f56bfc062723c751e8b465ee728b)
Start importing Assets/Important_Scene/Grid/Tiles/brown_6.asset using Guid(e034b1b299809014b94ca97bca72f6c2) Importer(815301076,1909f56bfc062723c751e8b465ee728b)  -> (artifact id: 'f9fd583746a39b71c01addbef0d7b820') in 0.012797 seconds 
  Import took 0.016135 seconds .

========================================================================
Received Import Request.
  Time since last request: 0.000351 seconds.
  path: Assets/Important_Scene/Grid/Tiles/brown_12.asset
  artifactKey: Guid(d28380aa14b126149addb0def622d0f0) Importer(815301076,1909f56bfc062723c751e8b465ee728b)
Start importing Assets/Important_Scene/Grid/Tiles/brown_12.asset using Guid(d28380aa14b126149addb0def622d0f0) Importer(815301076,1909f56bfc062723c751e8b465ee728b)  -> (artifact id: 'b5c34e19346cdc2c2c3e45f0aad9bac6') in 0.012718 seconds 
  Import took 0.015835 seconds .

========================================================================
Received Import Request.
  Time since last request: 0.000337 seconds.
  path: Assets/Important_Scene/Grid/Tiles/brown_37.asset
  artifactKey: Guid(814f81357bac7e948912347b6db00e1c) Importer(815301076,1909f56bfc062723c751e8b465ee728b)
Start importing Assets/Important_Scene/Grid/Tiles/brown_37.asset using Guid(814f81357bac7e948912347b6db00e1c) Importer(815301076,1909f56bfc062723c751e8b465ee728b)  -> (artifact id: '037a707a36873f80e271d1106a071afe') in 0.013170 seconds 
  Import took 0.016134 seconds .

========================================================================
Received Import Request.
  Time since last request: 0.000363 seconds.
  path: Assets/Important_Scene/Grid/Tiles/brown_35.asset
  artifactKey: Guid(8b50f89ccd92ca64cb2b66783785f83a) Importer(815301076,1909f56bfc062723c751e8b465ee728b)
Start importing Assets/Important_Scene/Grid/Tiles/brown_35.asset using Guid(8b50f89ccd92ca64cb2b66783785f83a) Importer(815301076,1909f56bfc062723c751e8b465ee728b)  -> (artifact id: 'bcb7b1b877b7bf06afdb8f1279674d13') in 0.016116 seconds 
  Import took 0.019290 seconds .

========================================================================
Received Import Request.
  Time since last request: 0.000314 seconds.
  path: Assets/Important_Scene/Grid/Tiles/brown_43.asset
  artifactKey: Guid(d1e98e717f7efd44198e2cebcebd98e6) Importer(815301076,1909f56bfc062723c751e8b465ee728b)
Start importing Assets/Important_Scene/Grid/Tiles/brown_43.asset using Guid(d1e98e717f7efd44198e2cebcebd98e6) Importer(815301076,1909f56bfc062723c751e8b465ee728b)  -> (artifact id: 'fbe9b4750419ebd16b5c40faa6b833ac') in 0.012673 seconds 
  Import took 0.015818 seconds .

========================================================================
Received Import Request.
  Time since last request: 0.000315 seconds.
  path: Assets/Important_Scene/Grid/Tiles/brown_14.asset
  artifactKey: Guid(5e066b748c6a6c940977af1597315409) Importer(815301076,1909f56bfc062723c751e8b465ee728b)
Start importing Assets/Important_Scene/Grid/Tiles/brown_14.asset using Guid(5e066b748c6a6c940977af1597315409) Importer(815301076,1909f56bfc062723c751e8b465ee728b)  -> (artifact id: '3f7dc7549216bf3321d552c7e3308b87') in 0.012826 seconds 
  Import took 0.015967 seconds .

========================================================================
Received Import Request.
  Time since last request: 0.000313 seconds.
  path: Assets/Important_Scene/Grid/Tiles/brown_18.asset
  artifactKey: Guid(4ffc1cfd5540b6b46a87ba03f2f30ac8) Importer(815301076,1909f56bfc062723c751e8b465ee728b)
Start importing Assets/Important_Scene/Grid/Tiles/brown_18.asset using Guid(4ffc1cfd5540b6b46a87ba03f2f30ac8) Importer(815301076,1909f56bfc062723c751e8b465ee728b)  -> (artifact id: '2896cf9520061e0078af69e5c8e653e5') in 0.012786 seconds 
  Import took 0.015713 seconds .

========================================================================
Received Import Request.
  Time since last request: 0.000348 seconds.
  path: Assets/Important_Scene/Grid/Tiles/brown_44.asset
  artifactKey: Guid(c037b6e96ceaa544fbaacc376c2eb164) Importer(815301076,1909f56bfc062723c751e8b465ee728b)
Start importing Assets/Important_Scene/Grid/Tiles/brown_44.asset using Guid(c037b6e96ceaa544fbaacc376c2eb164) Importer(815301076,1909f56bfc062723c751e8b465ee728b)  -> (artifact id: 'cbb40973ddd6cc41c4fb177aa8dbbe90') in 0.013386 seconds 
  Import took 0.016513 seconds .

========================================================================
Received Import Request.
  Time since last request: 0.000315 seconds.
  path: Assets/Important_Scene/Grid/Tiles/brown_3.asset
  artifactKey: Guid(1eacdd80c547ca545bfd17b235fdfd95) Importer(815301076,1909f56bfc062723c751e8b465ee728b)
Start importing Assets/Important_Scene/Grid/Tiles/brown_3.asset using Guid(1eacdd80c547ca545bfd17b235fdfd95) Importer(815301076,1909f56bfc062723c751e8b465ee728b)  -> (artifact id: 'c06e4407c13b6e673f68591f6c1d9ef6') in 0.012781 seconds 
  Import took 0.015761 seconds .

========================================================================
Received Import Request.
  Time since last request: 0.000338 seconds.
  path: Assets/Important_Scene/Grid/Tiles/brown_7.asset
  artifactKey: Guid(566ebf154a74fb441b1c88553579c8a0) Importer(815301076,1909f56bfc062723c751e8b465ee728b)
Start importing Assets/Important_Scene/Grid/Tiles/brown_7.asset using Guid(566ebf154a74fb441b1c88553579c8a0) Importer(815301076,1909f56bfc062723c751e8b465ee728b)  -> (artifact id: '40090ec00936f67d71a46f7fea0f7f33') in 0.013216 seconds 
  Import took 0.017033 seconds .

========================================================================
Received Import Request.
  Time since last request: 0.000283 seconds.
  path: Assets/Important_Scene/Grid/Tiles/brown_26.asset
  artifactKey: Guid(f3835108a9a50684d9ec338bf331abb6) Importer(815301076,1909f56bfc062723c751e8b465ee728b)
Start importing Assets/Important_Scene/Grid/Tiles/brown_26.asset using Guid(f3835108a9a50684d9ec338bf331abb6) Importer(815301076,1909f56bfc062723c751e8b465ee728b)  -> (artifact id: '95aec3e43fd8f2f94da3889a28a59206') in 0.015006 seconds 
  Import took 0.018388 seconds .

========================================================================
Received Import Request.
  Time since last request: 0.000340 seconds.
  path: Assets/Important_Scene/Grid/Tiles/brown_5.asset
  artifactKey: Guid(84745d667619c004fae4f2ecdb232dc7) Importer(815301076,1909f56bfc062723c751e8b465ee728b)
Start importing Assets/Important_Scene/Grid/Tiles/brown_5.asset using Guid(84745d667619c004fae4f2ecdb232dc7) Importer(815301076,1909f56bfc062723c751e8b465ee728b)  -> (artifact id: 'cd3cc57c174ee34c7d1b3d21612e5446') in 0.013459 seconds 
  Import took 0.016595 seconds .

========================================================================
Received Import Request.
  Time since last request: 0.000333 seconds.
  path: Assets/Important_Scene/Grid/Tiles/brown_24.asset
  artifactKey: Guid(aa1d8f423d8dc9d4983217ec00290f4b) Importer(815301076,1909f56bfc062723c751e8b465ee728b)
Start importing Assets/Important_Scene/Grid/Tiles/brown_24.asset using Guid(aa1d8f423d8dc9d4983217ec00290f4b) Importer(815301076,1909f56bfc062723c751e8b465ee728b)  -> (artifact id: '1138bcb0db319869dee606204f2d40bd') in 0.012753 seconds 
  Import took 0.015776 seconds .

========================================================================
Received Import Request.
  Time since last request: 0.000353 seconds.
  path: Assets/Important_Scene/Grid/Tiles/brown_25.asset
  artifactKey: Guid(b0169e62ee7a47f4ca635a76d94e3aaa) Importer(815301076,1909f56bfc062723c751e8b465ee728b)
Start importing Assets/Important_Scene/Grid/Tiles/brown_25.asset using Guid(b0169e62ee7a47f4ca635a76d94e3aaa) Importer(815301076,1909f56bfc062723c751e8b465ee728b)  -> (artifact id: '88bd3ade10b3599e225413fbb24bb9a9') in 0.013283 seconds 
  Import took 0.016310 seconds .

========================================================================
Received Import Request.
  Time since last request: 0.000343 seconds.
  path: Assets/Important_Scene/Grid/Tiles/brown_33.asset
  artifactKey: Guid(8969c0c5eec70d94ab7b70a6e1203d04) Importer(815301076,1909f56bfc062723c751e8b465ee728b)
Start importing Assets/Important_Scene/Grid/Tiles/brown_33.asset using Guid(8969c0c5eec70d94ab7b70a6e1203d04) Importer(815301076,1909f56bfc062723c751e8b465ee728b)  -> (artifact id: '01d15b55972d8cb5ebe80873af7b5498') in 0.012915 seconds 
  Import took 0.015925 seconds .

========================================================================
Received Import Request.
  Time since last request: 0.000343 seconds.
  path: Assets/Important_Scene/Grid/Tiles/brown_11.asset
  artifactKey: Guid(47eb7fc48e5b8af46b8ba60f39b4650f) Importer(815301076,1909f56bfc062723c751e8b465ee728b)
Start importing Assets/Important_Scene/Grid/Tiles/brown_11.asset using Guid(47eb7fc48e5b8af46b8ba60f39b4650f) Importer(815301076,1909f56bfc062723c751e8b465ee728b)  -> (artifact id: 'd58865f322b54baf695def368297c7d7') in 0.013390 seconds 
  Import took 0.016438 seconds .

========================================================================
Received Import Request.
  Time since last request: 0.000312 seconds.
  path: Assets/Important_Scene/Grid/Tiles/brown_38.asset
  artifactKey: Guid(49970a55d63d42248851003f4604b29d) Importer(815301076,1909f56bfc062723c751e8b465ee728b)
Start importing Assets/Important_Scene/Grid/Tiles/brown_38.asset using Guid(49970a55d63d42248851003f4604b29d) Importer(815301076,1909f56bfc062723c751e8b465ee728b)  -> (artifact id: '8d8bce62c105ce72515eb4053cdc215f') in 0.016326 seconds 
  Import took 0.019412 seconds .

========================================================================
Received Import Request.
  Time since last request: 0.000308 seconds.
  path: Assets/Important_Scene/Grid/Tiles/brown_1.asset
  artifactKey: Guid(23ad2afe90fe62f4bba9b5fa367736cc) Importer(815301076,1909f56bfc062723c751e8b465ee728b)
Start importing Assets/Important_Scene/Grid/Tiles/brown_1.asset using Guid(23ad2afe90fe62f4bba9b5fa367736cc) Importer(815301076,1909f56bfc062723c751e8b465ee728b)  -> (artifact id: 'b9d86aa51474f0bbaf46ae35505c426f') in 0.025172 seconds 
  Import took 0.029687 seconds .

========================================================================
Received Import Request.
  Time since last request: 0.000756 seconds.
  path: Assets/Important_Scene/Grid/Tiles/brown_4.asset
  artifactKey: Guid(bf71499f24b29e341a59770c1efa6e94) Importer(815301076,1909f56bfc062723c751e8b465ee728b)
Start importing Assets/Important_Scene/Grid/Tiles/brown_4.asset using Guid(bf71499f24b29e341a59770c1efa6e94) Importer(815301076,1909f56bfc062723c751e8b465ee728b)  -> (artifact id: '57a6e173dc47f6201655f9836af53a42') in 0.014849 seconds 
  Import took 0.019802 seconds .

========================================================================
Received Import Request.
  Time since last request: 0.000363 seconds.
  path: Assets/Important_Scene/Grid/Tiles/brown_31.asset
  artifactKey: Guid(d594f9705f3418b428f5c92c0ef0e61b) Importer(815301076,1909f56bfc062723c751e8b465ee728b)
Start importing Assets/Important_Scene/Grid/Tiles/brown_31.asset using Guid(d594f9705f3418b428f5c92c0ef0e61b) Importer(815301076,1909f56bfc062723c751e8b465ee728b)  -> (artifact id: 'b8cd155f64d596c793d28042a3f30905') in 0.012930 seconds 
  Import took 0.015872 seconds .

========================================================================
Received Import Request.
  Time since last request: 0.000324 seconds.
  path: Assets/Important_Scene/Grid/Tiles/brown_21.asset
  artifactKey: Guid(760d3a084d6f24f4b8c4d6030f94fda8) Importer(815301076,1909f56bfc062723c751e8b465ee728b)
Start importing Assets/Important_Scene/Grid/Tiles/brown_21.asset using Guid(760d3a084d6f24f4b8c4d6030f94fda8) Importer(815301076,1909f56bfc062723c751e8b465ee728b)  -> (artifact id: '20ab13c6d5a14b98492f3539edeb4fcb') in 0.013098 seconds 
  Import took 0.016089 seconds .

========================================================================
Received Import Request.
  Time since last request: 0.000345 seconds.
  path: Assets/Important_Scene/Grid/Tiles/brown_32.asset
  artifactKey: Guid(74f33d6c795d05349bda037735125127) Importer(815301076,1909f56bfc062723c751e8b465ee728b)
Start importing Assets/Important_Scene/Grid/Tiles/brown_32.asset using Guid(74f33d6c795d05349bda037735125127) Importer(815301076,1909f56bfc062723c751e8b465ee728b)  -> (artifact id: '318f5689b4eac217f00d85a339fda8c8') in 0.015110 seconds 
  Import took 0.019486 seconds .

========================================================================
Received Import Request.
  Time since last request: 0.000288 seconds.
  path: Assets/Important_Scene/Grid/Tiles/brown_23.asset
  artifactKey: Guid(98a544d1a2357324389d094d70eec70b) Importer(815301076,1909f56bfc062723c751e8b465ee728b)
Start importing Assets/Important_Scene/Grid/Tiles/brown_23.asset using Guid(98a544d1a2357324389d094d70eec70b) Importer(815301076,1909f56bfc062723c751e8b465ee728b)  -> (artifact id: '66e6fb99ebfc9c924e4bce089beeeb30') in 0.015811 seconds 
  Import took 0.019742 seconds .

========================================================================
Received Import Request.
  Time since last request: 0.000335 seconds.
  path: Assets/Important_Scene/Grid/Tiles/brown_34.asset
  artifactKey: Guid(2ad2f7aa9b6abd34ea284ee65a367ec9) Importer(815301076,1909f56bfc062723c751e8b465ee728b)
Start importing Assets/Important_Scene/Grid/Tiles/brown_34.asset using Guid(2ad2f7aa9b6abd34ea284ee65a367ec9) Importer(815301076,1909f56bfc062723c751e8b465ee728b)  -> (artifact id: '2f09a72e4436f4993b82849f43ff7356') in 0.012594 seconds 
  Import took 0.016047 seconds .

========================================================================
Received Import Request.
  Time since last request: 0.000348 seconds.
  path: Assets/Important_Scene/Grid/Tiles/brown_10.asset
  artifactKey: Guid(6798d76089685914485bc98368f67d6b) Importer(815301076,1909f56bfc062723c751e8b465ee728b)
Start importing Assets/Important_Scene/Grid/Tiles/brown_10.asset using Guid(6798d76089685914485bc98368f67d6b) Importer(815301076,1909f56bfc062723c751e8b465ee728b)  -> (artifact id: '4e10c875c39394e360f3ac19d8cf3006') in 0.012534 seconds 
  Import took 0.015897 seconds .

========================================================================
Received Import Request.
  Time since last request: 0.000366 seconds.
  path: Assets/Important_Scene/Grid/Tiles/brown_27.asset
  artifactKey: Guid(c6d01fc38195c504899893ca6fa5872d) Importer(815301076,1909f56bfc062723c751e8b465ee728b)
Start importing Assets/Important_Scene/Grid/Tiles/brown_27.asset using Guid(c6d01fc38195c504899893ca6fa5872d) Importer(815301076,1909f56bfc062723c751e8b465ee728b)  -> (artifact id: 'c0347557453ff7c83a5a183e44e0dd2f') in 0.012391 seconds 
  Import took 0.015666 seconds .

========================================================================
Received Import Request.
  Time since last request: 0.000341 seconds.
  path: Assets/Important_Scene/Grid/Tiles/brown_45.asset
  artifactKey: Guid(e5e9f0cfb0bc24f469d2e34db9389344) Importer(815301076,1909f56bfc062723c751e8b465ee728b)
Start importing Assets/Important_Scene/Grid/Tiles/brown_45.asset using Guid(e5e9f0cfb0bc24f469d2e34db9389344) Importer(815301076,1909f56bfc062723c751e8b465ee728b)  -> (artifact id: '9eada9f16df6a015f2cd68f8b2143dd5') in 0.012459 seconds 
  Import took 0.015657 seconds .

========================================================================
Received Import Request.
  Time since last request: 0.000353 seconds.
  path: Assets/Important_Scene/Grid/Tiles/brown_20.asset
  artifactKey: Guid(5fd2e5a68031e9b489986da35d7b3373) Importer(815301076,1909f56bfc062723c751e8b465ee728b)
Start importing Assets/Important_Scene/Grid/Tiles/brown_20.asset using Guid(5fd2e5a68031e9b489986da35d7b3373) Importer(815301076,1909f56bfc062723c751e8b465ee728b)  -> (artifact id: 'c4e9e4fe264683f576ecb505d771ad75') in 0.012626 seconds 
  Import took 0.016815 seconds .

========================================================================
Received Import Request.
  Time since last request: 0.000360 seconds.
  path: Assets/Important_Scene/Grid/Tiles/brown_30.asset
  artifactKey: Guid(6f7a1c2aa46798c4c97b3951459dae5a) Importer(815301076,1909f56bfc062723c751e8b465ee728b)
Start importing Assets/Important_Scene/Grid/Tiles/brown_30.asset using Guid(6f7a1c2aa46798c4c97b3951459dae5a) Importer(815301076,1909f56bfc062723c751e8b465ee728b)  -> (artifact id: '488984d5a6028d3e2b980f1a25008e42') in 0.012935 seconds 
  Import took 0.016359 seconds .

========================================================================
Received Import Request.
  Time since last request: 0.000254 seconds.
  path: Assets/Important_Scene/Grid/Tiles/brown_29.asset
  artifactKey: Guid(194817c12bffd7941b468c1480b1b886) Importer(815301076,1909f56bfc062723c751e8b465ee728b)
Start importing Assets/Important_Scene/Grid/Tiles/brown_29.asset using Guid(194817c12bffd7941b468c1480b1b886) Importer(815301076,1909f56bfc062723c751e8b465ee728b)  -> (artifact id: '2a952b5e755a5f5343c8b798ae5df57b') in 0.012892 seconds 
  Import took 0.016915 seconds .

========================================================================
Received Import Request.
  Time since last request: 1.974795 seconds.
  path: Assets/Important_Scene/Materials/blinn2SG_Base_Color.mat
  artifactKey: Guid(bba6317cea0d345e59a74c64e7c2195b) Importer(815301076,1909f56bfc062723c751e8b465ee728b)
Start importing Assets/Important_Scene/Materials/blinn2SG_Base_Color.mat using Guid(bba6317cea0d345e59a74c64e7c2195b) Importer(815301076,1909f56bfc062723c751e8b465ee728b)  -> (artifact id: '0a098f5f97b9c73c9d55e111fc3bc3d4') in 0.014365 seconds 
  Import took 0.018116 seconds .

========================================================================
Received Import Request.
  Time since last request: 0.000337 seconds.
  path: Assets/Important_Scene/Materials/Inland_Taipan_new_0003_body.mat
  artifactKey: Guid(dd2c7a9e1892349ebafa92f808b383bf) Importer(815301076,1909f56bfc062723c751e8b465ee728b)
Start importing Assets/Important_Scene/Materials/Inland_Taipan_new_0003_body.mat using Guid(dd2c7a9e1892349ebafa92f808b383bf) Importer(815301076,1909f56bfc062723c751e8b465ee728b)  -> (artifact id: '4193c40be5f677d1cfa86501c16ea799') in 0.014174 seconds 
  Import took 0.017675 seconds .

========================================================================
Received Import Request.
  Time since last request: 0.000369 seconds.
  path: Assets/Important_Scene/Materials/Inland_Taipan_new_0003_mouth_indside.mat
  artifactKey: Guid(274f8e334bdbc4cefa5b7e10913aa4c2) Importer(815301076,1909f56bfc062723c751e8b465ee728b)
Start importing Assets/Important_Scene/Materials/Inland_Taipan_new_0003_mouth_indside.mat using Guid(274f8e334bdbc4cefa5b7e10913aa4c2) Importer(815301076,1909f56bfc062723c751e8b465ee728b)  -> (artifact id: '47a49fbf540ceae6efe253637c0b7044') in 0.012815 seconds 
  Import took 0.015743 seconds .

========================================================================
Received Import Request.
  Time since last request: 0.000327 seconds.
  path: Assets/Important_Scene/Materials/Inland_Taipan_new_0003_eyes.mat
  artifactKey: Guid(752219549f37b4c3dbf3eb94bdc045cb) Importer(815301076,1909f56bfc062723c751e8b465ee728b)
Start importing Assets/Important_Scene/Materials/Inland_Taipan_new_0003_eyes.mat using Guid(752219549f37b4c3dbf3eb94bdc045cb) Importer(815301076,1909f56bfc062723c751e8b465ee728b)  -> (artifact id: '6682e965ceb24b261013e01a873cf5a6') in 0.016945 seconds 
  Import took 0.020058 seconds .

========================================================================
Received Import Request.
  Time since last request: 0.000263 seconds.
  path: Assets/Important_Scene/Materials/lambert2.mat
  artifactKey: Guid(19f14adcb866e4520b5b39dc0c3f4c2a) Importer(815301076,1909f56bfc062723c751e8b465ee728b)
Start importing Assets/Important_Scene/Materials/lambert2.mat using Guid(19f14adcb866e4520b5b39dc0c3f4c2a) Importer(815301076,1909f56bfc062723c751e8b465ee728b)  -> (artifact id: '342ce1e5d354e8984b47dc36185dc8b8') in 0.013790 seconds 
  Import took 0.017193 seconds .

========================================================================
Received Import Request.
  Time since last request: 0.000315 seconds.
  path: Assets/Important_Scene/Materials/lambert3.mat
  artifactKey: Guid(9a08f50cc4ede49ae825cf5f6da0077d) Importer(815301076,1909f56bfc062723c751e8b465ee728b)
Start importing Assets/Important_Scene/Materials/lambert3.mat using Guid(9a08f50cc4ede49ae825cf5f6da0077d) Importer(815301076,1909f56bfc062723c751e8b465ee728b)  -> (artifact id: '42d2833ccfe8f23102442e9f45c696b2') in 0.012411 seconds 
  Import took 0.015675 seconds .

========================================================================
Received Prepare
Registering precompiled user dll's ...
Registered in 0.004569 seconds.
Begin MonoManager ReloadAssembly
Native extension for WindowsStandalone target not found
Native extension for WebGL target not found
Refreshing native plugins compatible for Editor in 0.51 ms, found 3 plugins.
Preloading 0 native plugins for Editor in 0.00 ms.
Mono: successfully reloaded assembly
- Completed reload, in  1.042 seconds
Domain Reload Profiling:
	ReloadAssembly (1043ms)
		BeginReloadAssembly (126ms)
			ExecutionOrderSort (0ms)
			DisableScriptedObjects (7ms)
			BackupInstance (0ms)
			ReleaseScriptingObjects (0ms)
			CreateAndSetChildDomain (41ms)
		EndReloadAssembly (853ms)
			LoadAssemblies (111ms)
			RebuildTransferFunctionScriptingTraits (0ms)
			SetupTypeCache (311ms)
			ReleaseScriptCaches (1ms)
			RebuildScriptCaches (44ms)
			SetupLoadedEditorAssemblies (292ms)
				LogAssemblyErrors (0ms)
				InitializePlatformSupportModulesInManaged (6ms)
				SetLoadedEditorAssemblies (0ms)
				RefreshPlugins (1ms)
				BeforeProcessingInitializeOnLoad (89ms)
				ProcessInitializeOnLoadAttributes (179ms)
				ProcessInitializeOnLoadMethodAttributes (10ms)
				AfterProcessingInitializeOnLoad (7ms)
				EditorAssembliesLoaded (0ms)
			ExecutionOrderSort2 (0ms)
			AwakeInstancesAfterBackupRestoration (9ms)
Platform modules already initialized, skipping
Refreshing native plugins compatible for Editor in 0.62 ms, found 3 plugins.
Preloading 0 native plugins for Editor in 0.00 ms.
Unloading 2180 Unused Serialized files (Serialized files now loaded: 0)
System memory in use before: 99.1 MB.
System memory in use after: 99.2 MB.

Unloading 17 unused Assets to reduce memory usage. Loaded Objects now: 2681.
Total: 3.619100 ms (FindLiveObjects: 0.198800 ms CreateObjectMapping: 0.076200 ms MarkObjects: 3.323200 ms  DeleteObjects: 0.019800 ms)

AssetImportParameters requested are different than current active one (requested -> active):
  custom:framework-win-MediaFoundation: 216162199b28c13a410421893ffa2e32 -> 
  custom:video-decoder-ogg-theora: a1e56fd34408186e4bbccfd4996cb3dc -> 
  custom:container-muxer-webm: aa71ff27fc2769a1b78a27578f13a17b -> 
  custom:container-demuxer-webm: 4f35f7cbe854078d1ac9338744f61a02 -> 
  custom:container-demuxer-ogg: 62fdf1f143b41e24485cea50d1cbac27 -> 
  custom:video-encoder-webm-vp8: eb34c28f22e8b96e1ab97ce403110664 -> 
  custom:video-decoder-webm-vp8: 9c59270c3fd7afecdb556c50c9e8de78 -> 
  custom:audio-decoder-ogg-vorbis: bf7c407c2cedff20999df2af8eb42d56 -> 
  custom:audio-encoder-webm-vorbis: bf7c407c2cedff20999df2af8eb42d56 -> 
========================================================================
Received Import Request.
  Time since last request: 47.496993 seconds.
  path: Assets/Important_Scene
  artifactKey: Guid(f38d90bb7240e1e419e804e28e5f9ed2) Importer(815301076,1909f56bfc062723c751e8b465ee728b)
Start importing Assets/Important_Scene using Guid(f38d90bb7240e1e419e804e28e5f9ed2) Importer(815301076,1909f56bfc062723c751e8b465ee728b)  -> (artifact id: '3d732dbb9efe31447f9e0ed80da395a0') in 0.009584 seconds 
  Import took 0.012837 seconds .

========================================================================
Received Prepare
Registering precompiled user dll's ...
Registered in 0.004434 seconds.
Begin MonoManager ReloadAssembly
Native extension for WindowsStandalone target not found
Native extension for WebGL target not found
Refreshing native plugins compatible for Editor in 0.48 ms, found 3 plugins.
Preloading 0 native plugins for Editor in 0.00 ms.
Mono: successfully reloaded assembly
- Completed reload, in  0.970 seconds
Domain Reload Profiling:
	ReloadAssembly (971ms)
		BeginReloadAssembly (107ms)
			ExecutionOrderSort (0ms)
			DisableScriptedObjects (6ms)
			BackupInstance (0ms)
			ReleaseScriptingObjects (0ms)
			CreateAndSetChildDomain (35ms)
		EndReloadAssembly (802ms)
			LoadAssemblies (92ms)
			RebuildTransferFunctionScriptingTraits (0ms)
			SetupTypeCache (281ms)
			ReleaseScriptCaches (1ms)
			RebuildScriptCaches (42ms)
			SetupLoadedEditorAssemblies (290ms)
				LogAssemblyErrors (0ms)
				InitializePlatformSupportModulesInManaged (5ms)
				SetLoadedEditorAssemblies (2ms)
				RefreshPlugins (1ms)
				BeforeProcessingInitializeOnLoad (91ms)
				ProcessInitializeOnLoadAttributes (175ms)
				ProcessInitializeOnLoadMethodAttributes (10ms)
				AfterProcessingInitializeOnLoad (7ms)
				EditorAssembliesLoaded (0ms)
			ExecutionOrderSort2 (0ms)
			AwakeInstancesAfterBackupRestoration (8ms)
Platform modules already initialized, skipping
Refreshing native plugins compatible for Editor in 0.48 ms, found 3 plugins.
Preloading 0 native plugins for Editor in 0.00 ms.
Unloading 2180 Unused Serialized files (Serialized files now loaded: 0)
System memory in use before: 99.1 MB.
System memory in use after: 99.2 MB.

Unloading 17 unused Assets to reduce memory usage. Loaded Objects now: 2683.
Total: 3.292400 ms (FindLiveObjects: 0.182500 ms CreateObjectMapping: 0.078200 ms MarkObjects: 3.014100 ms  DeleteObjects: 0.016500 ms)

AssetImportParameters requested are different than current active one (requested -> active):
  custom:framework-win-MediaFoundation: 216162199b28c13a410421893ffa2e32 -> 
  custom:video-decoder-ogg-theora: a1e56fd34408186e4bbccfd4996cb3dc -> 
  custom:container-muxer-webm: aa71ff27fc2769a1b78a27578f13a17b -> 
  custom:container-demuxer-webm: 4f35f7cbe854078d1ac9338744f61a02 -> 
  custom:container-demuxer-ogg: 62fdf1f143b41e24485cea50d1cbac27 -> 
  custom:video-encoder-webm-vp8: eb34c28f22e8b96e1ab97ce403110664 -> 
  custom:video-decoder-webm-vp8: 9c59270c3fd7afecdb556c50c9e8de78 -> 
  custom:audio-decoder-ogg-vorbis: bf7c407c2cedff20999df2af8eb42d56 -> 
  custom:audio-encoder-webm-vorbis: bf7c407c2cedff20999df2af8eb42d56 -> 
========================================================================
Received Import Request.
  Time since last request: 46.074382 seconds.
  path: Assets/Important_Scene/SNAKE_GAME.unity
  artifactKey: Guid(f60b8b5974ab09c4ba92e8ecc0d42843) Importer(815301076,1909f56bfc062723c751e8b465ee728b)
Start importing Assets/Important_Scene/SNAKE_GAME.unity using Guid(f60b8b5974ab09c4ba92e8ecc0d42843) Importer(815301076,1909f56bfc062723c751e8b465ee728b)  -> (artifact id: '54e8b06708b3954ce4db3adf8f5cc669') in 0.019001 seconds 
  Import took 0.022740 seconds .

========================================================================
Received Prepare
Registering precompiled user dll's ...
Registered in 0.004519 seconds.
Begin MonoManager ReloadAssembly
Native extension for WindowsStandalone target not found
Native extension for WebGL target not found
Refreshing native plugins compatible for Editor in 0.48 ms, found 3 plugins.
Preloading 0 native plugins for Editor in 0.00 ms.
Mono: successfully reloaded assembly
- Completed reload, in  1.030 seconds
Domain Reload Profiling:
	ReloadAssembly (1030ms)
		BeginReloadAssembly (121ms)
			ExecutionOrderSort (0ms)
			DisableScriptedObjects (6ms)
			BackupInstance (0ms)
			ReleaseScriptingObjects (0ms)
			CreateAndSetChildDomain (36ms)
		EndReloadAssembly (843ms)
			LoadAssemblies (94ms)
			RebuildTransferFunctionScriptingTraits (0ms)
			SetupTypeCache (300ms)
			ReleaseScriptCaches (1ms)
			RebuildScriptCaches (45ms)
			SetupLoadedEditorAssemblies (306ms)
				LogAssemblyErrors (0ms)
				InitializePlatformSupportModulesInManaged (5ms)
				SetLoadedEditorAssemblies (0ms)
				RefreshPlugins (1ms)
				BeforeProcessingInitializeOnLoad (98ms)
				ProcessInitializeOnLoadAttributes (185ms)
				ProcessInitializeOnLoadMethodAttributes (10ms)
				AfterProcessingInitializeOnLoad (7ms)
				EditorAssembliesLoaded (0ms)
			ExecutionOrderSort2 (0ms)
			AwakeInstancesAfterBackupRestoration (9ms)
Platform modules already initialized, skipping
Refreshing native plugins compatible for Editor in 0.52 ms, found 3 plugins.
Preloading 0 native plugins for Editor in 0.00 ms.
Unloading 2180 Unused Serialized files (Serialized files now loaded: 0)
System memory in use before: 99.2 MB.
System memory in use after: 99.3 MB.

Unloading 17 unused Assets to reduce memory usage. Loaded Objects now: 2685.
Total: 3.381300 ms (FindLiveObjects: 0.204000 ms CreateObjectMapping: 0.076100 ms MarkObjects: 3.081700 ms  DeleteObjects: 0.018500 ms)

AssetImportParameters requested are different than current active one (requested -> active):
  custom:framework-win-MediaFoundation: 216162199b28c13a410421893ffa2e32 -> 
  custom:video-decoder-ogg-theora: a1e56fd34408186e4bbccfd4996cb3dc -> 
  custom:container-muxer-webm: aa71ff27fc2769a1b78a27578f13a17b -> 
  custom:container-demuxer-webm: 4f35f7cbe854078d1ac9338744f61a02 -> 
  custom:container-demuxer-ogg: 62fdf1f143b41e24485cea50d1cbac27 -> 
  custom:video-encoder-webm-vp8: eb34c28f22e8b96e1ab97ce403110664 -> 
  custom:video-decoder-webm-vp8: 9c59270c3fd7afecdb556c50c9e8de78 -> 
  custom:audio-decoder-ogg-vorbis: bf7c407c2cedff20999df2af8eb42d56 -> 
  custom:audio-encoder-webm-vorbis: bf7c407c2cedff20999df2af8eb42d56 -> 
========================================================================
Received Prepare
Registering precompiled user dll's ...
Registered in 0.005088 seconds.
Begin MonoManager ReloadAssembly
Native extension for WindowsStandalone target not found
Native extension for WebGL target not found
Refreshing native plugins compatible for Editor in 0.51 ms, found 3 plugins.
Preloading 0 native plugins for Editor in 0.00 ms.
Mono: successfully reloaded assembly
- Completed reload, in  0.954 seconds
Domain Reload Profiling:
	ReloadAssembly (954ms)
		BeginReloadAssembly (110ms)
			ExecutionOrderSort (0ms)
			DisableScriptedObjects (6ms)
			BackupInstance (0ms)
			ReleaseScriptingObjects (0ms)
			CreateAndSetChildDomain (35ms)
		EndReloadAssembly (784ms)
			LoadAssemblies (91ms)
			RebuildTransferFunctionScriptingTraits (0ms)
			SetupTypeCache (281ms)
			ReleaseScriptCaches (1ms)
			RebuildScriptCaches (40ms)
			SetupLoadedEditorAssemblies (282ms)
				LogAssemblyErrors (0ms)
				InitializePlatformSupportModulesInManaged (6ms)
				SetLoadedEditorAssemblies (0ms)
				RefreshPlugins (1ms)
				BeforeProcessingInitializeOnLoad (85ms)
				ProcessInitializeOnLoadAttributes (173ms)
				ProcessInitializeOnLoadMethodAttributes (10ms)
				AfterProcessingInitializeOnLoad (6ms)
				EditorAssembliesLoaded (0ms)
			ExecutionOrderSort2 (0ms)
			AwakeInstancesAfterBackupRestoration (8ms)
Platform modules already initialized, skipping
Refreshing native plugins compatible for Editor in 0.48 ms, found 3 plugins.
Preloading 0 native plugins for Editor in 0.00 ms.
Unloading 2180 Unused Serialized files (Serialized files now loaded: 0)
System memory in use before: 99.2 MB.
System memory in use after: 99.3 MB.

Unloading 17 unused Assets to reduce memory usage. Loaded Objects now: 2687.
Total: 3.414300 ms (FindLiveObjects: 0.196000 ms CreateObjectMapping: 0.071200 ms MarkObjects: 3.119400 ms  DeleteObjects: 0.026700 ms)

AssetImportParameters requested are different than current active one (requested -> active):
  custom:framework-win-MediaFoundation: 216162199b28c13a410421893ffa2e32 -> 
  custom:video-decoder-ogg-theora: a1e56fd34408186e4bbccfd4996cb3dc -> 
  custom:container-muxer-webm: aa71ff27fc2769a1b78a27578f13a17b -> 
  custom:container-demuxer-webm: 4f35f7cbe854078d1ac9338744f61a02 -> 
  custom:container-demuxer-ogg: 62fdf1f143b41e24485cea50d1cbac27 -> 
  custom:video-encoder-webm-vp8: eb34c28f22e8b96e1ab97ce403110664 -> 
  custom:video-decoder-webm-vp8: 9c59270c3fd7afecdb556c50c9e8de78 -> 
  custom:audio-decoder-ogg-vorbis: bf7c407c2cedff20999df2af8eb42d56 -> 
  custom:audio-encoder-webm-vorbis: bf7c407c2cedff20999df2af8eb42d56 -> 
========================================================================
Received Prepare
Registering precompiled user dll's ...
Registered in 0.006884 seconds.
Begin MonoManager ReloadAssembly
Native extension for WindowsStandalone target not found
Native extension for WebGL target not found
Refreshing native plugins compatible for Editor in 0.47 ms, found 3 plugins.
Preloading 0 native plugins for Editor in 0.00 ms.
Mono: successfully reloaded assembly
- Completed reload, in  0.952 seconds
Domain Reload Profiling:
	ReloadAssembly (953ms)
		BeginReloadAssembly (117ms)
			ExecutionOrderSort (0ms)
			DisableScriptedObjects (9ms)
			BackupInstance (0ms)
			ReleaseScriptingObjects (0ms)
			CreateAndSetChildDomain (32ms)
		EndReloadAssembly (777ms)
			LoadAssemblies (90ms)
			RebuildTransferFunctionScriptingTraits (0ms)
			SetupTypeCache (270ms)
			ReleaseScriptCaches (1ms)
			RebuildScriptCaches (41ms)
			SetupLoadedEditorAssemblies (284ms)
				LogAssemblyErrors (0ms)
				InitializePlatformSupportModulesInManaged (5ms)
				SetLoadedEditorAssemblies (1ms)
				RefreshPlugins (1ms)
				BeforeProcessingInitializeOnLoad (90ms)
				ProcessInitializeOnLoadAttributes (171ms)
				ProcessInitializeOnLoadMethodAttributes (9ms)
				AfterProcessingInitializeOnLoad (7ms)
				EditorAssembliesLoaded (0ms)
			ExecutionOrderSort2 (0ms)
			AwakeInstancesAfterBackupRestoration (8ms)
Platform modules already initialized, skipping
Refreshing native plugins compatible for Editor in 0.48 ms, found 3 plugins.
Preloading 0 native plugins for Editor in 0.00 ms.
Unloading 2180 Unused Serialized files (Serialized files now loaded: 0)
System memory in use before: 99.2 MB.
System memory in use after: 99.3 MB.

Unloading 17 unused Assets to reduce memory usage. Loaded Objects now: 2689.
Total: 3.233500 ms (FindLiveObjects: 0.192000 ms CreateObjectMapping: 0.066500 ms MarkObjects: 2.957400 ms  DeleteObjects: 0.016800 ms)

AssetImportParameters requested are different than current active one (requested -> active):
  custom:framework-win-MediaFoundation: 216162199b28c13a410421893ffa2e32 -> 
  custom:video-decoder-ogg-theora: a1e56fd34408186e4bbccfd4996cb3dc -> 
  custom:container-muxer-webm: aa71ff27fc2769a1b78a27578f13a17b -> 
  custom:container-demuxer-webm: 4f35f7cbe854078d1ac9338744f61a02 -> 
  custom:container-demuxer-ogg: 62fdf1f143b41e24485cea50d1cbac27 -> 
  custom:video-encoder-webm-vp8: eb34c28f22e8b96e1ab97ce403110664 -> 
  custom:video-decoder-webm-vp8: 9c59270c3fd7afecdb556c50c9e8de78 -> 
  custom:audio-decoder-ogg-vorbis: bf7c407c2cedff20999df2af8eb42d56 -> 
  custom:audio-encoder-webm-vorbis: bf7c407c2cedff20999df2af8eb42d56 -> 
========================================================================
Received Import Request.
  Time since last request: 102.895965 seconds.
  path: Assets/Important_Scene/Scripts/Mainmenu.cs
  artifactKey: Guid(95f889df23371fb4c80ac9c7565e46da) Importer(815301076,1909f56bfc062723c751e8b465ee728b)
Start importing Assets/Important_Scene/Scripts/Mainmenu.cs using Guid(95f889df23371fb4c80ac9c7565e46da) Importer(815301076,1909f56bfc062723c751e8b465ee728b)  -> (artifact id: '93b3deec17e470323e8fdcbb141f4d89') in 0.012922 seconds 
  Import took 0.015956 seconds .

========================================================================
Received Prepare
Registering precompiled user dll's ...
Registered in 0.004469 seconds.
Begin MonoManager ReloadAssembly
Native extension for WindowsStandalone target not found
Native extension for WebGL target not found
Refreshing native plugins compatible for Editor in 0.50 ms, found 3 plugins.
Preloading 0 native plugins for Editor in 0.00 ms.
Mono: successfully reloaded assembly
- Completed reload, in  0.938 seconds
Domain Reload Profiling:
	ReloadAssembly (938ms)
		BeginReloadAssembly (113ms)
			ExecutionOrderSort (0ms)
			DisableScriptedObjects (6ms)
			BackupInstance (0ms)
			ReleaseScriptingObjects (0ms)
			CreateAndSetChildDomain (32ms)
		EndReloadAssembly (768ms)
			LoadAssemblies (90ms)
			RebuildTransferFunctionScriptingTraits (0ms)
			SetupTypeCache (268ms)
			ReleaseScriptCaches (1ms)
			RebuildScriptCaches (39ms)
			SetupLoadedEditorAssemblies (278ms)
				LogAssemblyErrors (0ms)
				InitializePlatformSupportModulesInManaged (6ms)
				SetLoadedEditorAssemblies (0ms)
				RefreshPlugins (1ms)
				BeforeProcessingInitializeOnLoad (85ms)
				ProcessInitializeOnLoadAttributes (171ms)
				ProcessInitializeOnLoadMethodAttributes (10ms)
				AfterProcessingInitializeOnLoad (6ms)
				EditorAssembliesLoaded (0ms)
			ExecutionOrderSort2 (0ms)
			AwakeInstancesAfterBackupRestoration (8ms)
Platform modules already initialized, skipping
Refreshing native plugins compatible for Editor in 0.47 ms, found 3 plugins.
Preloading 0 native plugins for Editor in 0.00 ms.
Unloading 2180 Unused Serialized files (Serialized files now loaded: 0)
System memory in use before: 99.2 MB.
System memory in use after: 99.3 MB.

Unloading 17 unused Assets to reduce memory usage. Loaded Objects now: 2691.
Total: 3.381400 ms (FindLiveObjects: 0.204200 ms CreateObjectMapping: 0.090600 ms MarkObjects: 3.067700 ms  DeleteObjects: 0.017900 ms)

AssetImportParameters requested are different than current active one (requested -> active):
  custom:framework-win-MediaFoundation: 216162199b28c13a410421893ffa2e32 -> 
  custom:video-decoder-ogg-theora: a1e56fd34408186e4bbccfd4996cb3dc -> 
  custom:container-muxer-webm: aa71ff27fc2769a1b78a27578f13a17b -> 
  custom:container-demuxer-webm: 4f35f7cbe854078d1ac9338744f61a02 -> 
  custom:container-demuxer-ogg: 62fdf1f143b41e24485cea50d1cbac27 -> 
  custom:video-encoder-webm-vp8: eb34c28f22e8b96e1ab97ce403110664 -> 
  custom:video-decoder-webm-vp8: 9c59270c3fd7afecdb556c50c9e8de78 -> 
  custom:audio-decoder-ogg-vorbis: bf7c407c2cedff20999df2af8eb42d56 -> 
  custom:audio-encoder-webm-vorbis: bf7c407c2cedff20999df2af8eb42d56 -> 
========================================================================
Received Prepare
Registering precompiled user dll's ...
Registered in 0.005005 seconds.
Begin MonoManager ReloadAssembly
Native extension for WindowsStandalone target not found
Native extension for WebGL target not found
Refreshing native plugins compatible for Editor in 0.98 ms, found 3 plugins.
Preloading 0 native plugins for Editor in 0.00 ms.
Mono: successfully reloaded assembly
- Completed reload, in  1.359 seconds
Domain Reload Profiling:
	ReloadAssembly (1359ms)
		BeginReloadAssembly (116ms)
			ExecutionOrderSort (0ms)
			DisableScriptedObjects (6ms)
			BackupInstance (0ms)
			ReleaseScriptingObjects (0ms)
			CreateAndSetChildDomain (32ms)
		EndReloadAssembly (1180ms)
			LoadAssemblies (96ms)
			RebuildTransferFunctionScriptingTraits (0ms)
			SetupTypeCache (328ms)
			ReleaseScriptCaches (1ms)
			RebuildScriptCaches (46ms)
			SetupLoadedEditorAssemblies (539ms)
				LogAssemblyErrors (0ms)
				InitializePlatformSupportModulesInManaged (9ms)
				SetLoadedEditorAssemblies (2ms)
				RefreshPlugins (1ms)
				BeforeProcessingInitializeOnLoad (196ms)
				ProcessInitializeOnLoadAttributes (305ms)
				ProcessInitializeOnLoadMethodAttributes (18ms)
				AfterProcessingInitializeOnLoad (8ms)
				EditorAssembliesLoaded (0ms)
			ExecutionOrderSort2 (0ms)
			AwakeInstancesAfterBackupRestoration (11ms)
Platform modules already initialized, skipping
Refreshing native plugins compatible for Editor in 0.57 ms, found 3 plugins.
Preloading 0 native plugins for Editor in 0.00 ms.
Unloading 2180 Unused Serialized files (Serialized files now loaded: 0)
System memory in use before: 99.2 MB.
System memory in use after: 99.3 MB.

Unloading 17 unused Assets to reduce memory usage. Loaded Objects now: 2693.
Total: 3.340800 ms (FindLiveObjects: 0.218400 ms CreateObjectMapping: 0.110000 ms MarkObjects: 2.989800 ms  DeleteObjects: 0.021300 ms)

AssetImportParameters requested are different than current active one (requested -> active):
  custom:framework-win-MediaFoundation: 216162199b28c13a410421893ffa2e32 -> 
  custom:video-decoder-ogg-theora: a1e56fd34408186e4bbccfd4996cb3dc -> 
  custom:container-muxer-webm: aa71ff27fc2769a1b78a27578f13a17b -> 
  custom:container-demuxer-webm: 4f35f7cbe854078d1ac9338744f61a02 -> 
  custom:container-demuxer-ogg: 62fdf1f143b41e24485cea50d1cbac27 -> 
  custom:video-encoder-webm-vp8: eb34c28f22e8b96e1ab97ce403110664 -> 
  custom:video-decoder-webm-vp8: 9c59270c3fd7afecdb556c50c9e8de78 -> 
  custom:audio-decoder-ogg-vorbis: bf7c407c2cedff20999df2af8eb42d56 -> 
  custom:audio-encoder-webm-vorbis: bf7c407c2cedff20999df2af8eb42d56 -> 
========================================================================
Received Import Request.
  Time since last request: 159.651732 seconds.
  path: Assets/Important_Scene/Scripts/GameOverMenu.cs
  artifactKey: Guid(6e9f9f8d218b4a74e8e6592e8cd71ac3) Importer(815301076,1909f56bfc062723c751e8b465ee728b)
Start importing Assets/Important_Scene/Scripts/GameOverMenu.cs using Guid(6e9f9f8d218b4a74e8e6592e8cd71ac3) Importer(815301076,1909f56bfc062723c751e8b465ee728b)  -> (artifact id: '6c44b9525f3cfe194feac968b4cf907c') in 0.011019 seconds 
  Import took 0.015230 seconds .

========================================================================
Received Prepare
Registering precompiled user dll's ...
Registered in 0.008479 seconds.
Begin MonoManager ReloadAssembly
Native extension for WindowsStandalone target not found
Native extension for WebGL target not found
Refreshing native plugins compatible for Editor in 0.49 ms, found 3 plugins.
Preloading 0 native plugins for Editor in 0.00 ms.
Mono: successfully reloaded assembly
- Completed reload, in  1.085 seconds
Domain Reload Profiling:
	ReloadAssembly (1086ms)
		BeginReloadAssembly (136ms)
			ExecutionOrderSort (0ms)
			DisableScriptedObjects (7ms)
			BackupInstance (0ms)
			ReleaseScriptingObjects (0ms)
			CreateAndSetChildDomain (37ms)
		EndReloadAssembly (887ms)
			LoadAssemblies (122ms)
			RebuildTransferFunctionScriptingTraits (0ms)
			SetupTypeCache (308ms)
			ReleaseScriptCaches (1ms)
			RebuildScriptCaches (43ms)
			SetupLoadedEditorAssemblies (334ms)
				LogAssemblyErrors (0ms)
				InitializePlatformSupportModulesInManaged (6ms)
				SetLoadedEditorAssemblies (1ms)
				RefreshPlugins (1ms)
				BeforeProcessingInitializeOnLoad (106ms)
				ProcessInitializeOnLoadAttributes (204ms)
				ProcessInitializeOnLoadMethodAttributes (10ms)
				AfterProcessingInitializeOnLoad (7ms)
				EditorAssembliesLoaded (0ms)
			ExecutionOrderSort2 (0ms)
			AwakeInstancesAfterBackupRestoration (8ms)
Platform modules already initialized, skipping
Refreshing native plugins compatible for Editor in 0.48 ms, found 3 plugins.
Preloading 0 native plugins for Editor in 0.00 ms.
Unloading 2180 Unused Serialized files (Serialized files now loaded: 0)
System memory in use before: 99.2 MB.
System memory in use after: 99.3 MB.

Unloading 17 unused Assets to reduce memory usage. Loaded Objects now: 2695.
Total: 3.090800 ms (FindLiveObjects: 0.204300 ms CreateObjectMapping: 0.075100 ms MarkObjects: 2.792400 ms  DeleteObjects: 0.017700 ms)

AssetImportParameters requested are different than current active one (requested -> active):
  custom:framework-win-MediaFoundation: 216162199b28c13a410421893ffa2e32 -> 
  custom:video-decoder-ogg-theora: a1e56fd34408186e4bbccfd4996cb3dc -> 
  custom:container-muxer-webm: aa71ff27fc2769a1b78a27578f13a17b -> 
  custom:container-demuxer-webm: 4f35f7cbe854078d1ac9338744f61a02 -> 
  custom:container-demuxer-ogg: 62fdf1f143b41e24485cea50d1cbac27 -> 
  custom:video-encoder-webm-vp8: eb34c28f22e8b96e1ab97ce403110664 -> 
  custom:video-decoder-webm-vp8: 9c59270c3fd7afecdb556c50c9e8de78 -> 
  custom:audio-decoder-ogg-vorbis: bf7c407c2cedff20999df2af8eb42d56 -> 
  custom:audio-encoder-webm-vorbis: bf7c407c2cedff20999df2af8eb42d56 -> 
========================================================================
Received Import Request.
  Time since last request: 34.479027 seconds.
  path: Assets/Important_Scene/Scripts/Mainmenu.cs
  artifactKey: Guid(95f889df23371fb4c80ac9c7565e46da) Importer(815301076,1909f56bfc062723c751e8b465ee728b)
Start importing Assets/Important_Scene/Scripts/Mainmenu.cs using Guid(95f889df23371fb4c80ac9c7565e46da) Importer(815301076,1909f56bfc062723c751e8b465ee728b)  -> (artifact id: '79f1211dfd5a7d29c5b547da83ef3f70') in 0.004293 seconds 
  Import took 0.007297 seconds .

========================================================================
Received Prepare
Registering precompiled user dll's ...
Registered in 0.004439 seconds.
Begin MonoManager ReloadAssembly
Native extension for WindowsStandalone target not found
Native extension for WebGL target not found
Refreshing native plugins compatible for Editor in 0.49 ms, found 3 plugins.
Preloading 0 native plugins for Editor in 0.00 ms.
Mono: successfully reloaded assembly
- Completed reload, in  0.912 seconds
Domain Reload Profiling:
	ReloadAssembly (913ms)
		BeginReloadAssembly (100ms)
			ExecutionOrderSort (0ms)
			DisableScriptedObjects (5ms)
			BackupInstance (0ms)
			ReleaseScriptingObjects (0ms)
			CreateAndSetChildDomain (30ms)
		EndReloadAssembly (756ms)
			LoadAssemblies (89ms)
			RebuildTransferFunctionScriptingTraits (0ms)
			SetupTypeCache (263ms)
			ReleaseScriptCaches (1ms)
			RebuildScriptCaches (41ms)
			SetupLoadedEditorAssemblies (271ms)
				LogAssemblyErrors (0ms)
				InitializePlatformSupportModulesInManaged (5ms)
				SetLoadedEditorAssemblies (1ms)
				RefreshPlugins (1ms)
				BeforeProcessingInitializeOnLoad (84ms)
				ProcessInitializeOnLoadAttributes (165ms)
				ProcessInitializeOnLoadMethodAttributes (9ms)
				AfterProcessingInitializeOnLoad (6ms)
				EditorAssembliesLoaded (0ms)
			ExecutionOrderSort2 (0ms)
			AwakeInstancesAfterBackupRestoration (8ms)
Platform modules already initialized, skipping
Refreshing native plugins compatible for Editor in 0.51 ms, found 3 plugins.
Preloading 0 native plugins for Editor in 0.00 ms.
Unloading 2180 Unused Serialized files (Serialized files now loaded: 0)
System memory in use before: 99.2 MB.
System memory in use after: 99.3 MB.

Unloading 17 unused Assets to reduce memory usage. Loaded Objects now: 2697.
Total: 3.487500 ms (FindLiveObjects: 0.195500 ms CreateObjectMapping: 0.064100 ms MarkObjects: 3.209500 ms  DeleteObjects: 0.017300 ms)

AssetImportParameters requested are different than current active one (requested -> active):
  custom:framework-win-MediaFoundation: 216162199b28c13a410421893ffa2e32 -> 
  custom:video-decoder-ogg-theora: a1e56fd34408186e4bbccfd4996cb3dc -> 
  custom:container-muxer-webm: aa71ff27fc2769a1b78a27578f13a17b -> 
  custom:container-demuxer-webm: 4f35f7cbe854078d1ac9338744f61a02 -> 
  custom:container-demuxer-ogg: 62fdf1f143b41e24485cea50d1cbac27 -> 
  custom:video-encoder-webm-vp8: eb34c28f22e8b96e1ab97ce403110664 -> 
  custom:video-decoder-webm-vp8: 9c59270c3fd7afecdb556c50c9e8de78 -> 
  custom:audio-decoder-ogg-vorbis: bf7c407c2cedff20999df2af8eb42d56 -> 
  custom:audio-encoder-webm-vorbis: bf7c407c2cedff20999df2af8eb42d56 -> 
========================================================================
Received Prepare
Registering precompiled user dll's ...
Registered in 0.004555 seconds.
Begin MonoManager ReloadAssembly
Native extension for WindowsStandalone target not found
Native extension for WebGL target not found
Refreshing native plugins compatible for Editor in 0.48 ms, found 3 plugins.
Preloading 0 native plugins for Editor in 0.00 ms.
Mono: successfully reloaded assembly
- Completed reload, in  0.921 seconds
Domain Reload Profiling:
	ReloadAssembly (922ms)
		BeginReloadAssembly (104ms)
			ExecutionOrderSort (0ms)
			DisableScriptedObjects (6ms)
			BackupInstance (0ms)
			ReleaseScriptingObjects (0ms)
			CreateAndSetChildDomain (30ms)
		EndReloadAssembly (761ms)
			LoadAssemblies (88ms)
			RebuildTransferFunctionScriptingTraits (0ms)
			SetupTypeCache (263ms)
			ReleaseScriptCaches (1ms)
			RebuildScriptCaches (40ms)
			SetupLoadedEditorAssemblies (274ms)
				LogAssemblyErrors (0ms)
				InitializePlatformSupportModulesInManaged (5ms)
				SetLoadedEditorAssemblies (0ms)
				RefreshPlugins (1ms)
				BeforeProcessingInitializeOnLoad (87ms)
				ProcessInitializeOnLoadAttributes (165ms)
				ProcessInitializeOnLoadMethodAttributes (9ms)
				AfterProcessingInitializeOnLoad (7ms)
				EditorAssembliesLoaded (0ms)
			ExecutionOrderSort2 (0ms)
			AwakeInstancesAfterBackupRestoration (8ms)
Platform modules already initialized, skipping
Refreshing native plugins compatible for Editor in 0.48 ms, found 3 plugins.
Preloading 0 native plugins for Editor in 0.00 ms.
Unloading 2180 Unused Serialized files (Serialized files now loaded: 0)
System memory in use before: 99.2 MB.
System memory in use after: 99.3 MB.

Unloading 17 unused Assets to reduce memory usage. Loaded Objects now: 2699.
Total: 3.267500 ms (FindLiveObjects: 0.198700 ms CreateObjectMapping: 0.070600 ms MarkObjects: 2.980600 ms  DeleteObjects: 0.016700 ms)

AssetImportParameters requested are different than current active one (requested -> active):
  custom:framework-win-MediaFoundation: 216162199b28c13a410421893ffa2e32 -> 
  custom:video-decoder-ogg-theora: a1e56fd34408186e4bbccfd4996cb3dc -> 
  custom:container-muxer-webm: aa71ff27fc2769a1b78a27578f13a17b -> 
  custom:container-demuxer-webm: 4f35f7cbe854078d1ac9338744f61a02 -> 
  custom:container-demuxer-ogg: 62fdf1f143b41e24485cea50d1cbac27 -> 
  custom:video-encoder-webm-vp8: eb34c28f22e8b96e1ab97ce403110664 -> 
  custom:video-decoder-webm-vp8: 9c59270c3fd7afecdb556c50c9e8de78 -> 
  custom:audio-decoder-ogg-vorbis: bf7c407c2cedff20999df2af8eb42d56 -> 
  custom:audio-encoder-webm-vorbis: bf7c407c2cedff20999df2af8eb42d56 -> 
========================================================================
Received Prepare
Registering precompiled user dll's ...
Registered in 0.004688 seconds.
Begin MonoManager ReloadAssembly
Native extension for WindowsStandalone target not found
Native extension for WebGL target not found
Refreshing native plugins compatible for Editor in 0.57 ms, found 3 plugins.
Preloading 0 native plugins for Editor in 0.00 ms.
Mono: successfully reloaded assembly
- Completed reload, in  0.928 seconds
Domain Reload Profiling:
	ReloadAssembly (929ms)
		BeginReloadAssembly (110ms)
			ExecutionOrderSort (0ms)
			DisableScriptedObjects (6ms)
			BackupInstance (0ms)
			ReleaseScriptingObjects (0ms)
			CreateAndSetChildDomain (33ms)
		EndReloadAssembly (761ms)
			LoadAssemblies (94ms)
			RebuildTransferFunctionScriptingTraits (0ms)
			SetupTypeCache (271ms)
			ReleaseScriptCaches (1ms)
			RebuildScriptCaches (39ms)
			SetupLoadedEditorAssemblies (273ms)
				LogAssemblyErrors (0ms)
				InitializePlatformSupportModulesInManaged (6ms)
				SetLoadedEditorAssemblies (0ms)
				RefreshPlugins (1ms)
				BeforeProcessingInitializeOnLoad (85ms)
				ProcessInitializeOnLoadAttributes (166ms)
				ProcessInitializeOnLoadMethodAttributes (9ms)
				AfterProcessingInitializeOnLoad (6ms)
				EditorAssembliesLoaded (0ms)
			ExecutionOrderSort2 (0ms)
			AwakeInstancesAfterBackupRestoration (8ms)
Platform modules already initialized, skipping
Refreshing native plugins compatible for Editor in 0.48 ms, found 3 plugins.
Preloading 0 native plugins for Editor in 0.00 ms.
Unloading 2180 Unused Serialized files (Serialized files now loaded: 0)
System memory in use before: 99.2 MB.
System memory in use after: 99.3 MB.

Unloading 17 unused Assets to reduce memory usage. Loaded Objects now: 2701.
Total: 3.267300 ms (FindLiveObjects: 0.194100 ms CreateObjectMapping: 0.068500 ms MarkObjects: 2.986900 ms  DeleteObjects: 0.017000 ms)

AssetImportParameters requested are different than current active one (requested -> active):
  custom:framework-win-MediaFoundation: 216162199b28c13a410421893ffa2e32 -> 
  custom:video-decoder-ogg-theora: a1e56fd34408186e4bbccfd4996cb3dc -> 
  custom:container-muxer-webm: aa71ff27fc2769a1b78a27578f13a17b -> 
  custom:container-demuxer-webm: 4f35f7cbe854078d1ac9338744f61a02 -> 
  custom:container-demuxer-ogg: 62fdf1f143b41e24485cea50d1cbac27 -> 
  custom:video-encoder-webm-vp8: eb34c28f22e8b96e1ab97ce403110664 -> 
  custom:video-decoder-webm-vp8: 9c59270c3fd7afecdb556c50c9e8de78 -> 
  custom:audio-decoder-ogg-vorbis: bf7c407c2cedff20999df2af8eb42d56 -> 
  custom:audio-encoder-webm-vorbis: bf7c407c2cedff20999df2af8eb42d56 -> 
========================================================================
Received Prepare
Registering precompiled user dll's ...
Registered in 0.004479 seconds.
Begin MonoManager ReloadAssembly
Native extension for WindowsStandalone target not found
Native extension for WebGL target not found
Refreshing native plugins compatible for Editor in 0.55 ms, found 3 plugins.
Preloading 0 native plugins for Editor in 0.00 ms.
Mono: successfully reloaded assembly
- Completed reload, in  0.914 seconds
Domain Reload Profiling:
	ReloadAssembly (914ms)
		BeginReloadAssembly (102ms)
			ExecutionOrderSort (0ms)
			DisableScriptedObjects (6ms)
			BackupInstance (0ms)
			ReleaseScriptingObjects (0ms)
			CreateAndSetChildDomain (32ms)
		EndReloadAssembly (755ms)
			LoadAssemblies (90ms)
			RebuildTransferFunctionScriptingTraits (0ms)
			SetupTypeCache (266ms)
			ReleaseScriptCaches (1ms)
			RebuildScriptCaches (40ms)
			SetupLoadedEditorAssemblies (271ms)
				LogAssemblyErrors (0ms)
				InitializePlatformSupportModulesInManaged (5ms)
				SetLoadedEditorAssemblies (1ms)
				RefreshPlugins (1ms)
				BeforeProcessingInitializeOnLoad (85ms)
				ProcessInitializeOnLoadAttributes (164ms)
				ProcessInitializeOnLoadMethodAttributes (9ms)
				AfterProcessingInitializeOnLoad (6ms)
				EditorAssembliesLoaded (0ms)
			ExecutionOrderSort2 (0ms)
			AwakeInstancesAfterBackupRestoration (8ms)
Platform modules already initialized, skipping
Refreshing native plugins compatible for Editor in 0.48 ms, found 3 plugins.
Preloading 0 native plugins for Editor in 0.00 ms.
Unloading 2180 Unused Serialized files (Serialized files now loaded: 0)
System memory in use before: 99.2 MB.
System memory in use after: 99.3 MB.

Unloading 17 unused Assets to reduce memory usage. Loaded Objects now: 2703.
Total: 3.417500 ms (FindLiveObjects: 0.193400 ms CreateObjectMapping: 0.068700 ms MarkObjects: 3.137100 ms  DeleteObjects: 0.017200 ms)

AssetImportParameters requested are different than current active one (requested -> active):
  custom:framework-win-MediaFoundation: 216162199b28c13a410421893ffa2e32 -> 
  custom:video-decoder-ogg-theora: a1e56fd34408186e4bbccfd4996cb3dc -> 
  custom:container-muxer-webm: aa71ff27fc2769a1b78a27578f13a17b -> 
  custom:container-demuxer-webm: 4f35f7cbe854078d1ac9338744f61a02 -> 
  custom:container-demuxer-ogg: 62fdf1f143b41e24485cea50d1cbac27 -> 
  custom:video-encoder-webm-vp8: eb34c28f22e8b96e1ab97ce403110664 -> 
  custom:video-decoder-webm-vp8: 9c59270c3fd7afecdb556c50c9e8de78 -> 
  custom:audio-decoder-ogg-vorbis: bf7c407c2cedff20999df2af8eb42d56 -> 
  custom:audio-encoder-webm-vorbis: bf7c407c2cedff20999df2af8eb42d56 -> 
========================================================================
Received Import Request.
  Time since last request: 383.624063 seconds.
  path: Assets/Important_Scene/Scripts/Snake_Movement.cs
  artifactKey: Guid(e8cbcc9aba835fd42953e317c699e558) Importer(815301076,1909f56bfc062723c751e8b465ee728b)
Start importing Assets/Important_Scene/Scripts/Snake_Movement.cs using Guid(e8cbcc9aba835fd42953e317c699e558) Importer(815301076,1909f56bfc062723c751e8b465ee728b)  -> (artifact id: '2f501a9b7013c70e24aa5e2a48f3d94e') in 0.009061 seconds 
  Import took 0.012171 seconds .

========================================================================
Received Prepare
Registering precompiled user dll's ...
Registered in 0.005271 seconds.
Begin MonoManager ReloadAssembly
Native extension for WindowsStandalone target not found
Native extension for WebGL target not found
Refreshing native plugins compatible for Editor in 0.81 ms, found 3 plugins.
Preloading 0 native plugins for Editor in 0.00 ms.
Mono: successfully reloaded assembly
- Completed reload, in  0.936 seconds
Domain Reload Profiling:
	ReloadAssembly (936ms)
		BeginReloadAssembly (105ms)
			ExecutionOrderSort (0ms)
			DisableScriptedObjects (6ms)
			BackupInstance (0ms)
			ReleaseScriptingObjects (0ms)
			CreateAndSetChildDomain (32ms)
		EndReloadAssembly (772ms)
			LoadAssemblies (94ms)
			RebuildTransferFunctionScriptingTraits (0ms)
			SetupTypeCache (268ms)
			ReleaseScriptCaches (1ms)
			RebuildScriptCaches (41ms)
			SetupLoadedEditorAssemblies (280ms)
				LogAssemblyErrors (0ms)
				InitializePlatformSupportModulesInManaged (6ms)
				SetLoadedEditorAssemblies (0ms)
				RefreshPlugins (1ms)
				BeforeProcessingInitializeOnLoad (89ms)
				ProcessInitializeOnLoadAttributes (168ms)
				ProcessInitializeOnLoadMethodAttributes (10ms)
				AfterProcessingInitializeOnLoad (6ms)
				EditorAssembliesLoaded (0ms)
			ExecutionOrderSort2 (0ms)
			AwakeInstancesAfterBackupRestoration (8ms)
Platform modules already initialized, skipping
Refreshing native plugins compatible for Editor in 0.53 ms, found 3 plugins.
Preloading 0 native plugins for Editor in 0.00 ms.
Unloading 2180 Unused Serialized files (Serialized files now loaded: 0)
System memory in use before: 99.2 MB.
System memory in use after: 99.3 MB.

Unloading 17 unused Assets to reduce memory usage. Loaded Objects now: 2705.
Total: 3.407100 ms (FindLiveObjects: 0.215400 ms CreateObjectMapping: 0.083500 ms MarkObjects: 3.089900 ms  DeleteObjects: 0.017300 ms)

AssetImportParameters requested are different than current active one (requested -> active):
  custom:framework-win-MediaFoundation: 216162199b28c13a410421893ffa2e32 -> 
  custom:video-decoder-ogg-theora: a1e56fd34408186e4bbccfd4996cb3dc -> 
  custom:container-muxer-webm: aa71ff27fc2769a1b78a27578f13a17b -> 
  custom:container-demuxer-webm: 4f35f7cbe854078d1ac9338744f61a02 -> 
  custom:container-demuxer-ogg: 62fdf1f143b41e24485cea50d1cbac27 -> 
  custom:video-encoder-webm-vp8: eb34c28f22e8b96e1ab97ce403110664 -> 
  custom:video-decoder-webm-vp8: 9c59270c3fd7afecdb556c50c9e8de78 -> 
  custom:audio-decoder-ogg-vorbis: bf7c407c2cedff20999df2af8eb42d56 -> 
  custom:audio-encoder-webm-vorbis: bf7c407c2cedff20999df2af8eb42d56 -> 
========================================================================
Received Import Request.
  Time since last request: 98.802265 seconds.
  path: Packages/com.unity.ugui/Runtime/EventSystem/EventSystem.cs
  artifactKey: Guid(76c392e42b5098c458856cdf6ecaaaa1) Importer(815301076,1909f56bfc062723c751e8b465ee728b)
Start importing Packages/com.unity.ugui/Runtime/EventSystem/EventSystem.cs using Guid(76c392e42b5098c458856cdf6ecaaaa1) Importer(815301076,1909f56bfc062723c751e8b465ee728b)  -> (artifact id: 'a91a7f257d14243c82d8fe2c36fd4f97') in 0.014743 seconds 
  Import took 0.019776 seconds .

========================================================================
Received Import Request.
  Time since last request: 51.775976 seconds.
  path: Assets/Important_Scene/Scripts/Snake_Movement.cs
  artifactKey: Guid(e8cbcc9aba835fd42953e317c699e558) Importer(815301076,1909f56bfc062723c751e8b465ee728b)
Start importing Assets/Important_Scene/Scripts/Snake_Movement.cs using Guid(e8cbcc9aba835fd42953e317c699e558) Importer(815301076,1909f56bfc062723c751e8b465ee728b)  -> (artifact id: '3a06118cead77498d369dea85cd84ce4') in 0.002476 seconds 
  Import took 0.007317 seconds .

========================================================================
Received Prepare
Registering precompiled user dll's ...
Registered in 0.005226 seconds.
Begin MonoManager ReloadAssembly
Native extension for WindowsStandalone target not found
Native extension for WebGL target not found
Refreshing native plugins compatible for Editor in 0.49 ms, found 3 plugins.
Preloading 0 native plugins for Editor in 0.00 ms.
Mono: successfully reloaded assembly
- Completed reload, in  0.940 seconds
Domain Reload Profiling:
	ReloadAssembly (940ms)
		BeginReloadAssembly (113ms)
			ExecutionOrderSort (0ms)
			DisableScriptedObjects (5ms)
			BackupInstance (0ms)
			ReleaseScriptingObjects (0ms)
			CreateAndSetChildDomain (31ms)
		EndReloadAssembly (769ms)
			LoadAssemblies (90ms)
			RebuildTransferFunctionScriptingTraits (0ms)
			SetupTypeCache (266ms)
			ReleaseScriptCaches (1ms)
			RebuildScriptCaches (39ms)
			SetupLoadedEditorAssemblies (287ms)
				LogAssemblyErrors (0ms)
				InitializePlatformSupportModulesInManaged (5ms)
				SetLoadedEditorAssemblies (0ms)
				RefreshPlugins (1ms)
				BeforeProcessingInitializeOnLoad (88ms)
				ProcessInitializeOnLoadAttributes (175ms)
				ProcessInitializeOnLoadMethodAttributes (11ms)
				AfterProcessingInitializeOnLoad (6ms)
				EditorAssembliesLoaded (0ms)
			ExecutionOrderSort2 (0ms)
			AwakeInstancesAfterBackupRestoration (8ms)
Platform modules already initialized, skipping
Refreshing native plugins compatible for Editor in 0.50 ms, found 3 plugins.
Preloading 0 native plugins for Editor in 0.00 ms.
Unloading 2180 Unused Serialized files (Serialized files now loaded: 0)
System memory in use before: 99.2 MB.
System memory in use after: 99.3 MB.

Unloading 17 unused Assets to reduce memory usage. Loaded Objects now: 2707.
Total: 3.653700 ms (FindLiveObjects: 0.202200 ms CreateObjectMapping: 0.076100 ms MarkObjects: 3.356500 ms  DeleteObjects: 0.017900 ms)

AssetImportParameters requested are different than current active one (requested -> active):
  custom:framework-win-MediaFoundation: 216162199b28c13a410421893ffa2e32 -> 
  custom:video-decoder-ogg-theora: a1e56fd34408186e4bbccfd4996cb3dc -> 
  custom:container-muxer-webm: aa71ff27fc2769a1b78a27578f13a17b -> 
  custom:container-demuxer-webm: 4f35f7cbe854078d1ac9338744f61a02 -> 
  custom:container-demuxer-ogg: 62fdf1f143b41e24485cea50d1cbac27 -> 
  custom:video-encoder-webm-vp8: eb34c28f22e8b96e1ab97ce403110664 -> 
  custom:video-decoder-webm-vp8: 9c59270c3fd7afecdb556c50c9e8de78 -> 
  custom:audio-decoder-ogg-vorbis: bf7c407c2cedff20999df2af8eb42d56 -> 
  custom:audio-encoder-webm-vorbis: bf7c407c2cedff20999df2af8eb42d56 -> 
========================================================================
Received Prepare
Registering precompiled user dll's ...
Registered in 0.004466 seconds.
Begin MonoManager ReloadAssembly
Native extension for WindowsStandalone target not found
Native extension for WebGL target not found
Refreshing native plugins compatible for Editor in 0.51 ms, found 3 plugins.
Preloading 0 native plugins for Editor in 0.00 ms.
Mono: successfully reloaded assembly
- Completed reload, in  0.928 seconds
Domain Reload Profiling:
	ReloadAssembly (929ms)
		BeginReloadAssembly (104ms)
			ExecutionOrderSort (0ms)
			DisableScriptedObjects (6ms)
			BackupInstance (0ms)
			ReleaseScriptingObjects (0ms)
			CreateAndSetChildDomain (31ms)
		EndReloadAssembly (767ms)
			LoadAssemblies (91ms)
			RebuildTransferFunctionScriptingTraits (0ms)
			SetupTypeCache (264ms)
			ReleaseScriptCaches (1ms)
			RebuildScriptCaches (40ms)
			SetupLoadedEditorAssemblies (282ms)
				LogAssemblyErrors (0ms)
				InitializePlatformSupportModulesInManaged (5ms)
				SetLoadedEditorAssemblies (0ms)
				RefreshPlugins (1ms)
				BeforeProcessingInitializeOnLoad (87ms)
				ProcessInitializeOnLoadAttributes (172ms)
				ProcessInitializeOnLoadMethodAttributes (10ms)
				AfterProcessingInitializeOnLoad (6ms)
				EditorAssembliesLoaded (0ms)
			ExecutionOrderSort2 (0ms)
			AwakeInstancesAfterBackupRestoration (8ms)
Platform modules already initialized, skipping
Refreshing native plugins compatible for Editor in 0.51 ms, found 3 plugins.
Preloading 0 native plugins for Editor in 0.00 ms.
Unloading 2180 Unused Serialized files (Serialized files now loaded: 0)
System memory in use before: 99.2 MB.
System memory in use after: 99.4 MB.

Unloading 17 unused Assets to reduce memory usage. Loaded Objects now: 2709.
Total: 3.145000 ms (FindLiveObjects: 0.203200 ms CreateObjectMapping: 0.067100 ms MarkObjects: 2.856800 ms  DeleteObjects: 0.017000 ms)

AssetImportParameters requested are different than current active one (requested -> active):
  custom:framework-win-MediaFoundation: 216162199b28c13a410421893ffa2e32 -> 
  custom:video-decoder-ogg-theora: a1e56fd34408186e4bbccfd4996cb3dc -> 
  custom:container-muxer-webm: aa71ff27fc2769a1b78a27578f13a17b -> 
  custom:container-demuxer-webm: 4f35f7cbe854078d1ac9338744f61a02 -> 
  custom:container-demuxer-ogg: 62fdf1f143b41e24485cea50d1cbac27 -> 
  custom:video-encoder-webm-vp8: eb34c28f22e8b96e1ab97ce403110664 -> 
  custom:video-decoder-webm-vp8: 9c59270c3fd7afecdb556c50c9e8de78 -> 
  custom:audio-decoder-ogg-vorbis: bf7c407c2cedff20999df2af8eb42d56 -> 
  custom:audio-encoder-webm-vorbis: bf7c407c2cedff20999df2af8eb42d56 -> 
========================================================================
Received Import Request.
  Time since last request: 66.268525 seconds.
  path: Assets/Important_Scene/Scripts/Snake_Movement.cs
  artifactKey: Guid(e8cbcc9aba835fd42953e317c699e558) Importer(815301076,1909f56bfc062723c751e8b465ee728b)
Start importing Assets/Important_Scene/Scripts/Snake_Movement.cs using Guid(e8cbcc9aba835fd42953e317c699e558) Importer(815301076,1909f56bfc062723c751e8b465ee728b)  -> (artifact id: '122e662d757ecf6d182bc39bc8f555ab') in 0.004448 seconds 
  Import took 0.007405 seconds .

========================================================================
Received Prepare
Registering precompiled user dll's ...
Registered in 0.005398 seconds.
Begin MonoManager ReloadAssembly
Native extension for WindowsStandalone target not found
Native extension for WebGL target not found
Refreshing native plugins compatible for Editor in 0.47 ms, found 3 plugins.
Preloading 0 native plugins for Editor in 0.00 ms.
Mono: successfully reloaded assembly
- Completed reload, in  0.968 seconds
Domain Reload Profiling:
	ReloadAssembly (968ms)
		BeginReloadAssembly (105ms)
			ExecutionOrderSort (0ms)
			DisableScriptedObjects (6ms)
			BackupInstance (0ms)
			ReleaseScriptingObjects (0ms)
			CreateAndSetChildDomain (31ms)
		EndReloadAssembly (805ms)
			LoadAssemblies (91ms)
			RebuildTransferFunctionScriptingTraits (0ms)
			SetupTypeCache (301ms)
			ReleaseScriptCaches (1ms)
			RebuildScriptCaches (40ms)
			SetupLoadedEditorAssemblies (276ms)
				LogAssemblyErrors (0ms)
				InitializePlatformSupportModulesInManaged (5ms)
				SetLoadedEditorAssemblies (0ms)
				RefreshPlugins (1ms)
				BeforeProcessingInitializeOnLoad (85ms)
				ProcessInitializeOnLoadAttributes (169ms)
				ProcessInitializeOnLoadMethodAttributes (9ms)
				AfterProcessingInitializeOnLoad (6ms)
				EditorAssembliesLoaded (0ms)
			ExecutionOrderSort2 (0ms)
			AwakeInstancesAfterBackupRestoration (8ms)
Platform modules already initialized, skipping
Refreshing native plugins compatible for Editor in 0.48 ms, found 3 plugins.
Preloading 0 native plugins for Editor in 0.00 ms.
Unloading 2180 Unused Serialized files (Serialized files now loaded: 0)
System memory in use before: 99.3 MB.
System memory in use after: 99.4 MB.

Unloading 17 unused Assets to reduce memory usage. Loaded Objects now: 2711.
Total: 3.411600 ms (FindLiveObjects: 0.195100 ms CreateObjectMapping: 0.076200 ms MarkObjects: 3.121300 ms  DeleteObjects: 0.017700 ms)

AssetImportParameters requested are different than current active one (requested -> active):
  custom:framework-win-MediaFoundation: 216162199b28c13a410421893ffa2e32 -> 
  custom:video-decoder-ogg-theora: a1e56fd34408186e4bbccfd4996cb3dc -> 
  custom:container-muxer-webm: aa71ff27fc2769a1b78a27578f13a17b -> 
  custom:container-demuxer-webm: 4f35f7cbe854078d1ac9338744f61a02 -> 
  custom:container-demuxer-ogg: 62fdf1f143b41e24485cea50d1cbac27 -> 
  custom:video-encoder-webm-vp8: eb34c28f22e8b96e1ab97ce403110664 -> 
  custom:video-decoder-webm-vp8: 9c59270c3fd7afecdb556c50c9e8de78 -> 
  custom:audio-decoder-ogg-vorbis: bf7c407c2cedff20999df2af8eb42d56 -> 
  custom:audio-encoder-webm-vorbis: bf7c407c2cedff20999df2af8eb42d56 -> 
========================================================================
Received Import Request.
  Time since last request: 56.536115 seconds.
  path: Assets/Important_Scene/Scripts/Snake_Movement.cs
  artifactKey: Guid(e8cbcc9aba835fd42953e317c699e558) Importer(815301076,1909f56bfc062723c751e8b465ee728b)
Start importing Assets/Important_Scene/Scripts/Snake_Movement.cs using Guid(e8cbcc9aba835fd42953e317c699e558) Importer(815301076,1909f56bfc062723c751e8b465ee728b)  -> (artifact id: '0784c201d98c2a8ae185a162a1723e08') in 0.004317 seconds 
  Import took 0.007431 seconds .

========================================================================
Received Prepare
Registering precompiled user dll's ...
Registered in 0.004596 seconds.
Begin MonoManager ReloadAssembly
Native extension for WindowsStandalone target not found
Native extension for WebGL target not found
Refreshing native plugins compatible for Editor in 0.49 ms, found 3 plugins.
Preloading 0 native plugins for Editor in 0.00 ms.
Mono: successfully reloaded assembly
- Completed reload, in  0.953 seconds
Domain Reload Profiling:
	ReloadAssembly (954ms)
		BeginReloadAssembly (112ms)
			ExecutionOrderSort (0ms)
			DisableScriptedObjects (5ms)
			BackupInstance (0ms)
			ReleaseScriptingObjects (0ms)
			CreateAndSetChildDomain (36ms)
		EndReloadAssembly (782ms)
			LoadAssemblies (94ms)
			RebuildTransferFunctionScriptingTraits (0ms)
			SetupTypeCache (282ms)
			ReleaseScriptCaches (1ms)
			RebuildScriptCaches (40ms)
			SetupLoadedEditorAssemblies (276ms)
				LogAssemblyErrors (0ms)
				InitializePlatformSupportModulesInManaged (5ms)
				SetLoadedEditorAssemblies (0ms)
				RefreshPlugins (1ms)
				BeforeProcessingInitializeOnLoad (86ms)
				ProcessInitializeOnLoadAttributes (168ms)
				ProcessInitializeOnLoadMethodAttributes (9ms)
				AfterProcessingInitializeOnLoad (6ms)
				EditorAssembliesLoaded (0ms)
			ExecutionOrderSort2 (0ms)
			AwakeInstancesAfterBackupRestoration (8ms)
Platform modules already initialized, skipping
Refreshing native plugins compatible for Editor in 0.53 ms, found 3 plugins.
Preloading 0 native plugins for Editor in 0.00 ms.
Unloading 2180 Unused Serialized files (Serialized files now loaded: 0)
System memory in use before: 99.4 MB.
System memory in use after: 99.5 MB.

Unloading 17 unused Assets to reduce memory usage. Loaded Objects now: 2713.
Total: 3.295900 ms (FindLiveObjects: 0.220700 ms CreateObjectMapping: 0.067700 ms MarkObjects: 2.986300 ms  DeleteObjects: 0.020500 ms)

AssetImportParameters requested are different than current active one (requested -> active):
  custom:framework-win-MediaFoundation: 216162199b28c13a410421893ffa2e32 -> 
  custom:video-decoder-ogg-theora: a1e56fd34408186e4bbccfd4996cb3dc -> 
  custom:container-muxer-webm: aa71ff27fc2769a1b78a27578f13a17b -> 
  custom:container-demuxer-webm: 4f35f7cbe854078d1ac9338744f61a02 -> 
  custom:container-demuxer-ogg: 62fdf1f143b41e24485cea50d1cbac27 -> 
  custom:video-encoder-webm-vp8: eb34c28f22e8b96e1ab97ce403110664 -> 
  custom:video-decoder-webm-vp8: 9c59270c3fd7afecdb556c50c9e8de78 -> 
  custom:audio-decoder-ogg-vorbis: bf7c407c2cedff20999df2af8eb42d56 -> 
  custom:audio-encoder-webm-vorbis: bf7c407c2cedff20999df2af8eb42d56 -> 
AssetImportWorkerClient::OnTransportError - code=2 error=End of file
